
demo_consumer.elf:     file format elf32-littleriscv


Disassembly of section .init:

00000000 <InterruptVector>:
   0:	0a00006f          	j	a0 <_einit>
   4:	00000000          	.word	0x00000000
   8:	0000011c          	.word	0x0000011c
   c:	0000011a          	.word	0x0000011a
	...
  30:	0000011a          	.word	0x0000011a
  34:	00000000          	.word	0x00000000
  38:	0000011a          	.word	0x0000011a
  3c:	00000000          	.word	0x00000000
  40:	0000011a          	.word	0x0000011a
  44:	0000011a          	.word	0x0000011a
  48:	0000011a          	.word	0x0000011a
  4c:	0000011a          	.word	0x0000011a
  50:	0000037c          	.word	0x0000037c
  54:	0000011a          	.word	0x0000011a
  58:	0000011a          	.word	0x0000011a
  5c:	0000011a          	.word	0x0000011a
  60:	0000011a          	.word	0x0000011a
  64:	0000011a          	.word	0x0000011a
  68:	0000011a          	.word	0x0000011a
  6c:	0000011a          	.word	0x0000011a
  70:	0000011a          	.word	0x0000011a
  74:	0000011a          	.word	0x0000011a
  78:	0000011a          	.word	0x0000011a
  7c:	0000011a          	.word	0x0000011a
  80:	0000011a          	.word	0x0000011a
  84:	0000011a          	.word	0x0000011a
  88:	0000011a          	.word	0x0000011a
  8c:	0000011a          	.word	0x0000011a
  90:	0000011a          	.word	0x0000011a
  94:	0000011a          	.word	0x0000011a
  98:	0000011a          	.word	0x0000011a
  9c:	0000                	.insn	2, 0x
	...

Disassembly of section .text:

000000a0 <handle_reset>:
  a0:	20000197          	auipc	gp,0x20000
  a4:	76018193          	addi	gp,gp,1888 # 20000800 <__global_pointer$>
  a8:	00018113          	mv	sp,gp
  ac:	08000513          	li	a0,128
  b0:	30051073          	csrw	mstatus,a0
  b4:	468d                	li	a3,3
  b6:	00000517          	auipc	a0,0x0
  ba:	f4a50513          	addi	a0,a0,-182 # 0 <InterruptVector>
  be:	8d55                	or	a0,a0,a3
  c0:	30551073          	csrw	mtvec,a0
  c4:	20000517          	auipc	a0,0x20000
  c8:	f3c50513          	addi	a0,a0,-196 # 20000000 <consumer_data.0>
  cc:	86018593          	addi	a1,gp,-1952 # 20000060 <_ebss>
  d0:	4601                	li	a2,0
  d2:	00b55663          	bge	a0,a1,de <handle_reset+0x3e>
  d6:	c110                	sw	a2,0(a0)
  d8:	0511                	addi	a0,a0,4
  da:	feb54ee3          	blt	a0,a1,d6 <handle_reset+0x36>
  de:	00000517          	auipc	a0,0x0
  e2:	7ba50513          	addi	a0,a0,1978 # 898 <_data_lma>
  e6:	20000597          	auipc	a1,0x20000
  ea:	f1a58593          	addi	a1,a1,-230 # 20000000 <consumer_data.0>
  ee:	20000617          	auipc	a2,0x20000
  f2:	f1260613          	addi	a2,a2,-238 # 20000000 <consumer_data.0>
  f6:	00c58863          	beq	a1,a2,106 <handle_reset+0x66>
  fa:	4114                	lw	a3,0(a0)
  fc:	c194                	sw	a3,0(a1)
  fe:	0511                	addi	a0,a0,4
 100:	0591                	addi	a1,a1,4
 102:	fec59ae3          	bne	a1,a2,f6 <handle_reset+0x56>
 106:	e000f7b7          	lui	a5,0xe000f
 10a:	4715                	li	a4,5
 10c:	c398                	sw	a4,0(a5)
 10e:	18c00793          	li	a5,396
 112:	34179073          	csrw	mepc,a5
 116:	30200073          	mret

0000011a <ADC1_IRQHandler>:
 11a:	a001                	j	11a <ADC1_IRQHandler>

0000011c <NMI_Handler>:
 11c:	40021737          	lui	a4,0x40021
 120:	471c                	lw	a5,8(a4)
 122:	008006b7          	lui	a3,0x800
 126:	8fd5                	or	a5,a5,a3
 128:	c71c                	sw	a5,8(a4)

0000012a <SystemInit>:
 12a:	400217b7          	lui	a5,0x40021
 12e:	01080737          	lui	a4,0x1080
 132:	0007a223          	sw	zero,4(a5) # 40021004 <__global_pointer$+0x20020804>
 136:	08170713          	addi	a4,a4,129 # 1080081 <rv003usb.c.daf31929+0x107ddc6>
 13a:	c398                	sw	a4,0(a5)
 13c:	4685                	li	a3,1
 13e:	40022737          	lui	a4,0x40022
 142:	c314                	sw	a3,0(a4)
 144:	009f0737          	lui	a4,0x9f0
 148:	c798                	sw	a4,8(a5)
 14a:	40021737          	lui	a4,0x40021
 14e:	431c                	lw	a5,0(a4)
 150:	00679693          	slli	a3,a5,0x6
 154:	fe06dde3          	bgez	a3,14e <SystemInit+0x24>
 158:	435c                	lw	a5,4(a4)
 15a:	400216b7          	lui	a3,0x40021
 15e:	9bf1                	andi	a5,a5,-4
 160:	0027e793          	ori	a5,a5,2
 164:	c35c                	sw	a5,4(a4)
 166:	4721                	li	a4,8
 168:	42dc                	lw	a5,4(a3)
 16a:	8bb1                	andi	a5,a5,12
 16c:	fee79ee3          	bne	a5,a4,168 <SystemInit+0x3e>
 170:	e00007b7          	lui	a5,0xe0000
 174:	0f878793          	addi	a5,a5,248 # e00000f8 <__global_pointer$+0xbffff8f8>
 178:	0007a023          	sw	zero,0(a5)
 17c:	e00007b7          	lui	a5,0xe0000
 180:	0f478793          	addi	a5,a5,244 # e00000f4 <__global_pointer$+0xbffff8f4>
 184:	08000713          	li	a4,128
 188:	c398                	sw	a4,0(a5)
 18a:	8082                	ret

0000018c <main>:
#include <string.h>
#include <stdbool.h>
#include "rv003usb.h"

int main()
{
 18c:	1151                	addi	sp,sp,-12
 18e:	c406                	sw	ra,8(sp)
	SystemInit();
 190:	3f69                	jal	12a <SystemInit>
#endif

void DelaySysTick( uint32_t n )
{
#ifdef CH32V003
	uint32_t targend = SysTick->CNT + n;
 192:	e000f7b7          	lui	a5,0xe000f
 196:	4798                	lw	a4,8(a5)
 198:	67b1                	lui	a5,0xc
 19a:	b8078793          	addi	a5,a5,-1152 # bb80 <rv003usb.c.daf31929+0x98c5>
 19e:	973e                	add	a4,a4,a5
	while( ((int32_t)( SysTick->CNT - targend )) < 0 );
 1a0:	e000f6b7          	lui	a3,0xe000f
 1a4:	469c                	lw	a5,8(a3)
 1a6:	8f99                	sub	a5,a5,a4
 1a8:	fe07cee3          	bltz	a5,1a4 <main+0x18>
#define LOCAL_CONCAT(A, B) A##B
#define LOCAL_EXP(A, B) LOCAL_CONCAT(A,B)

void usb_setup()
{
	rv003usb_internal_data.se0_windup = 0;
 1ac:	200007b7          	lui	a5,0x20000
 1b0:	0007ae23          	sw	zero,28(a5) # 2000001c <rv003usb_internal_data+0x18>

	// Enable GPIOs, TIMERs
	RCC->APB2PCENR |= LOCAL_EXP( RCC_APB2Periph_GPIO, USB_PORT ) | RCC_APB2Periph_AFIO;
 1b4:	400216b7          	lui	a3,0x40021
 1b8:	4e9c                	lw	a5,24(a3)
	}
#endif

	// GPIO Setup
	LOCAL_EXP( GPIO, USB_PORT )->CFGLR = 
		( LOCAL_EXP( GPIO, USB_PORT )->CFGLR & 
 1ba:	fff00637          	lui	a2,0xfff00
 1be:	0ff60613          	addi	a2,a2,255 # fff000ff <__global_pointer$+0xdfeff8ff>
	RCC->APB2PCENR |= LOCAL_EXP( RCC_APB2Periph_GPIO, USB_PORT ) | RCC_APB2Periph_AFIO;
 1c2:	0217e793          	ori	a5,a5,33
 1c6:	ce9c                	sw	a5,24(a3)
		( LOCAL_EXP( GPIO, USB_PORT )->CFGLR & 
 1c8:	400117b7          	lui	a5,0x40011
 1cc:	40078793          	addi	a5,a5,1024 # 40011400 <__global_pointer$+0x20010c00>
 1d0:	4398                	lw	a4,0(a5)
 1d2:	8f71                	and	a4,a4,a2
			) )) )
		 |
#ifdef USB_PIN_DPU
		(GPIO_Speed_50MHz | GPIO_CNF_OUT_PP)<<(4*USB_PIN_DPU) |
#endif
		(GPIO_Speed_In | GPIO_CNF_IN_PUPD)<<(4*USB_PIN_DP) | 
 1d4:	00039637          	lui	a2,0x39
 1d8:	80060613          	addi	a2,a2,-2048 # 38800 <rv003usb.c.daf31929+0x36545>
 1dc:	8f51                	or	a4,a4,a2
	LOCAL_EXP( GPIO, USB_PORT )->CFGLR = 
 1de:	c398                	sw	a4,0(a5)
		(GPIO_Speed_In | GPIO_CNF_IN_PUPD)<<(4*USB_PIN_DM);

	// Configure USB_PIN_DM (D-) as an interrupt on falling edge.
	AFIO->EXTICR = LOCAL_EXP(GPIO_PortSourceGPIO,USB_PORT)<<(USB_PIN_DM*2); // Configure EXTI interrupt for USB_PIN_DM
 1e0:	0c000613          	li	a2,192
 1e4:	40010737          	lui	a4,0x40010
 1e8:	c710                	sw	a2,8(a4)
	EXTI->INTENR = 1<<USB_PIN_DM; // Enable EXTI interrupt
 1ea:	40070713          	addi	a4,a4,1024 # 40010400 <__global_pointer$+0x2000fc00>
 1ee:	4621                	li	a2,8
 1f0:	c310                	sw	a2,0(a4)
	EXTI->FTENR = 1<<USB_PIN_DM;  // Enable falling edge trigger for USB_PIN_DM (D-)
 1f2:	c750                	sw	a2,12(a4)

#ifdef USB_PIN_DPU
	// This drives USB_PIN_DPU (D- Pull-Up) high, which will tell the host that we are going on-bus.
	LOCAL_EXP(GPIO,USB_PORT)->BSHR = 1<<USB_PIN_DPU;
 1f4:	4741                	li	a4,16
 1f6:	cb98                	sw	a4,16(a5)
 *
 * @return  none
 */
RV_STATIC_INLINE void NVIC_EnableIRQ(IRQn_Type IRQn)
{
  NVIC->IENR[((uint32_t)(IRQn) >> 5)] = (1 << ((uint32_t)(IRQn) & 0x1F));
 1f8:	00100637          	lui	a2,0x100
 1fc:	e000e737          	lui	a4,0xe000e
 200:	10c72023          	sw	a2,256(a4) # e000e100 <__global_pointer$+0xc000d900>
	Delay_Ms(1); // Ensures USB re-enumeration after bootloader or reset; Spec demand >2.5µs ( TDDIS )
	usb_setup();

   funGpioInitAll();
 204:	4e98                	lw	a4,24(a3)
 206:	03576713          	ori	a4,a4,53
 20a:	ce98                	sw	a4,24(a3)
   funPinMode( PD5, GPIO_CFGLR_IN_PUPD);
 20c:	4398                	lw	a4,0(a5)
 20e:	ff1006b7          	lui	a3,0xff100
 212:	16fd                	addi	a3,a3,-1 # ff0fffff <__global_pointer$+0xdf0ff7ff>
 214:	8f75                	and	a4,a4,a3
 216:	008006b7          	lui	a3,0x800
 21a:	8f55                	or	a4,a4,a3
 21c:	c398                	sw	a4,0(a5)
   funDigitalWrite( PD5, true);
 21e:	02000713          	li	a4,32
 222:	cb98                	sw	a4,16(a5)
   funPinMode( PD6, GPIO_CFGLR_IN_PUPD);
 224:	4398                	lw	a4,0(a5)
 226:	f10006b7          	lui	a3,0xf1000
 22a:	16fd                	addi	a3,a3,-1 # f0ffffff <__global_pointer$+0xd0fff7ff>
 22c:	8f75                	and	a4,a4,a3
 22e:	080006b7          	lui	a3,0x8000
 232:	8f55                	or	a4,a4,a3
 234:	c398                	sw	a4,0(a5)
   funDigitalWrite( PD6, true);
 236:	04000713          	li	a4,64
 23a:	cb98                	sw	a4,16(a5)
   funPinMode( PD7, GPIO_CFGLR_IN_PUPD);
 23c:	4398                	lw	a4,0(a5)
 23e:	800006b7          	lui	a3,0x80000
 242:	0712                	slli	a4,a4,0x4
 244:	8311                	srli	a4,a4,0x4
 246:	8f55                	or	a4,a4,a3
 248:	c398                	sw	a4,0(a5)
   funDigitalWrite( PD7, true);
 24a:	08000713          	li	a4,128
 24e:	cb98                	sw	a4,16(a5)
   funPinMode( PA1, GPIO_CFGLR_IN_PUPD);
 250:	400117b7          	lui	a5,0x40011
 254:	80078793          	addi	a5,a5,-2048 # 40010800 <__global_pointer$+0x20010000>
 258:	4398                	lw	a4,0(a5)
 25a:	f0f77713          	andi	a4,a4,-241
 25e:	08076713          	ori	a4,a4,128
 262:	c398                	sw	a4,0(a5)
   funDigitalWrite( PA1, true);
 264:	4709                	li	a4,2
 266:	cb98                	sw	a4,16(a5)
	while(1);
 268:	a001                	j	268 <main+0xdc>

0000026a <usb_pid_handle_in>:
	ist->current_endpoint = endp;
	struct usb_endpoint * e = &ist->eps[endp];

	int tosend = 0;
	uint8_t * sendnow;
	int sendtok = e->toggle_in?0b01001011:0b11000011;
 26a:	00561793          	slli	a5,a2,0x5
 26e:	00f706b3          	add	a3,a4,a5
	ist->current_endpoint = endp;
 272:	c310                	sw	a2,0(a4)
	int sendtok = e->toggle_in?0b01001011:0b11000011;
 274:	528c                	lw	a1,32(a3)
 276:	0c300693          	li	a3,195
 27a:	c199                	beqz	a1,280 <usb_pid_handle_in+0x16>
 27c:	04b00693          	li	a3,75

#if RV003USB_HANDLE_IN_REQUEST
	if( e->custom || endp )
 280:	97ba                	add	a5,a5,a4
 282:	579c                	lw	a5,40(a5)
 284:	8fd1                	or	a5,a5,a2
 286:	c3a1                	beqz	a5,2c6 <usb_pid_handle_in+0x5c>
}

void usb_handle_user_in_request( struct usb_endpoint * e, uint8_t * scratchpad, int endp, uint32_t sendtok, struct rv003usb_internal * ist )
{

	if (endp ==1) {
 288:	4785                	li	a5,1
 28a:	04f61563          	bne	a2,a5,2d4 <usb_pid_handle_in+0x6a>
		static uint8_t consumer_data[4] = { 0x00, 0x00};//, 0x00, 0x00}; // Placeholder data

		// Modify consumer_data array to represent consumer control data
		// For example, to adjust volume, you would change the second byte (0x00) to represent the volume level
		
      if(!funDigitalRead(PD6)){
 28e:	400117b7          	lui	a5,0x40011
 292:	40078793          	addi	a5,a5,1024 # 40011400 <__global_pointer$+0x20010c00>
 296:	4798                	lw	a4,8(a5)
 298:	20000537          	lui	a0,0x20000
 29c:	04077713          	andi	a4,a4,64
 2a0:	eb01                	bnez	a4,2b0 <usb_pid_handle_in+0x46>
         consumer_data[0] = 0x01;
 2a2:	00c51023          	sh	a2,0(a0) # 20000000 <consumer_data.0>
//			consumer_data[2] = 0x00;
//			consumer_data[4] = 0x00;
		}
	
		// Send consumer data
		usb_send_data(consumer_data, sizeof(consumer_data), 0, sendtok);
 2a6:	4601                	li	a2,0
 2a8:	4591                	li	a1,4
 2aa:	00050513          	mv	a0,a0
	{
		usb_send_empty( sendtok );
	}
	else
	{
		usb_send_data( sendnow, tosend, 0, sendtok );
 2ae:	ae61                	j	646 <usb_send_data>
      else if(!funDigitalRead(PD7)){
 2b0:	479c                	lw	a5,8(a5)
 2b2:	0807f793          	andi	a5,a5,128
 2b6:	e789                	bnez	a5,2c0 <usb_pid_handle_in+0x56>
         consumer_data[0] = 0x02;
 2b8:	4789                	li	a5,2
 2ba:	00f51023          	sh	a5,0(a0)
 2be:	b7e5                	j	2a6 <usb_pid_handle_in+0x3c>
			consumer_data[0] = 0x00;
 2c0:	00050023          	sb	zero,0(a0)
 2c4:	b7cd                	j	2a6 <usb_pid_handle_in+0x3c>
	int offset = (e->count)<<3;
 2c6:	4f5c                	lw	a5,28(a4)
	tosend = (int)e->max_len - offset;
 2c8:	574c                	lw	a1,44(a4)
	uint8_t * tsend = e->opaque;
 2ca:	5f08                	lw	a0,56(a4)
	int offset = (e->count)<<3;
 2cc:	078e                	slli	a5,a5,0x3
	tosend = (int)e->max_len - offset;
 2ce:	8d9d                	sub	a1,a1,a5
	if( tosend <= 0 )
 2d0:	00b04463          	bgtz	a1,2d8 <usb_pid_handle_in+0x6e>
		usb_send_empty( sendtok );
 2d4:	8536                	mv	a0,a3
 2d6:	a68d                	j	638 <usb_send_empty>
	if( tosend > ENDPOINT0_SIZE ) tosend = ENDPOINT0_SIZE;
 2d8:	4721                	li	a4,8
 2da:	00b75363          	bge	a4,a1,2e0 <usb_pid_handle_in+0x76>
 2de:	45a1                	li	a1,8
		usb_send_data( sendnow, tosend, 0, sendtok );
 2e0:	4601                	li	a2,0
 2e2:	953e                	add	a0,a0,a5
 2e4:	b7e9                	j	2ae <usb_pid_handle_in+0x44>

000002e6 <usb_pid_handle_data>:
}

void usb_pid_handle_data( uint32_t this_token, uint8_t * data, uint32_t which_data, uint32_t length, struct rv003usb_internal * ist )
{
	//Received data from host.
	int epno = ist->current_endpoint;
 2e6:	431c                	lw	a5,0(a4)

	length -= 3;
	uint8_t * data_in = __builtin_assume_aligned( data, 4 );

	// Alrady received this packet.
	if( e->toggle_out != which_data )
 2e8:	0796                	slli	a5,a5,0x5
 2ea:	97ba                	add	a5,a5,a4
 2ec:	53d4                	lw	a3,36(a5)
 2ee:	06c69a63          	bne	a3,a2,362 <usb_pid_handle_data+0x7c>
	{
		goto just_ack;
	}

	e->toggle_out = !e->toggle_out;
 2f2:	0016b693          	seqz	a3,a3
 2f6:	d3d4                	sw	a3,36(a5)
#endif
	}
	else
#endif

	if( ist->setup_request )
 2f8:	4714                	lw	a3,8(a4)
 2fa:	c6a5                	beqz	a3,362 <usb_pid_handle_data+0x7c>
		}
#endif

		struct usb_urb * s = __builtin_assume_aligned( (struct usb_urb *)(data_in), 4 );

		uint32_t wvi = s->lValueLSBIndexMSB;
 2fc:	0045d683          	lhu	a3,4(a1)
 300:	0025d603          	lhu	a2,2(a1)
		uint32_t wLength = s->wLength;
 304:	0065d503          	lhu	a0,6(a1)
		uint32_t wvi = s->lValueLSBIndexMSB;
 308:	06c2                	slli	a3,a3,0x10
 30a:	8ed1                	or	a3,a3,a2
		//int bRequest = s->wRequestTypeLSBRequestMSB >> 8;

		// We shift down because we don't care if USB_RECIP_INTERFACE is set or not.
		// Otherwise we have to write extra code to handle each case if it's set or
		// not set, but in general, there's never a situation where we realy care.
		uint32_t reqShl = s->wRequestTypeLSBRequestMSB >> 1;
 30c:	0005d603          	lhu	a2,0(a1)
		e->count = 0;
 310:	0007ae23          	sw	zero,28(a5)
		e->opaque = 0;
 314:	0207ac23          	sw	zero,56(a5)
		e->custom = 0;
 318:	0207a423          	sw	zero,40(a5)
		e->max_len = 0;
 31c:	0207a623          	sw	zero,44(a5)
		ist->setup_request = 0;
 320:	00072423          	sw	zero,8(a4)
		uint32_t reqShl = s->wRequestTypeLSBRequestMSB >> 1;
 324:	8205                	srli	a2,a2,0x1
			// Class request (Will be writing)  This is hid_send_feature_report
			usb_handle_hid_set_report_start( e, wLength, wvi );
		}
		else
#endif
		if( reqShl == (0x0680>>1) ) // GET_DESCRIPTOR = 6 (msb)
 326:	34000593          	li	a1,832
 32a:	04b61263          	bne	a2,a1,36e <usb_pid_handle_data+0x88>
 32e:	6705                	lui	a4,0x1
 330:	83870713          	addi	a4,a4,-1992 # 838 <descriptor_list>
 334:	06070593          	addi	a1,a4,96
				if( dl->lIndexValue == wvi )
				{
					e->opaque = (uint8_t*)dl->addr;
					uint16_t swLen = wLength;
					uint16_t elLen = dl->length;
					e->max_len = (swLen < elLen)?swLen:elLen;
 338:	832a                	mv	t1,a0
				if( dl->lIndexValue == wvi )
 33a:	4310                	lw	a2,0(a4)
 33c:	02d61063          	bne	a2,a3,35c <usb_pid_handle_data+0x76>
					e->opaque = (uint8_t*)dl->addr;
 340:	4350                	lw	a2,4(a4)
 342:	df90                	sw	a2,56(a5)
					uint16_t elLen = dl->length;
 344:	00874603          	lbu	a2,8(a4)
					e->max_len = (swLen < elLen)?swLen:elLen;
 348:	01061293          	slli	t0,a2,0x10
 34c:	0102d293          	srli	t0,t0,0x10
 350:	00557363          	bgeu	a0,t0,356 <usb_pid_handle_data+0x70>
 354:	861a                	mv	a2,t1
 356:	0642                	slli	a2,a2,0x10
 358:	8241                	srli	a2,a2,0x10
 35a:	d7d0                	sw	a2,44(a5)
			for( i = 0; i < DESCRIPTOR_LIST_ENTRIES; i++ )
 35c:	0731                	addi	a4,a4,12
 35e:	fcb71ee3          	bne	a4,a1,33a <usb_pid_handle_data+0x54>
		}
	}
just_ack:
	{
		//Got the right data.  Acknowledge.
		usb_send_data( 0, 0, 2, 0xD2 ); // Send ACK
 362:	0d200693          	li	a3,210
 366:	4609                	li	a2,2
 368:	4581                	li	a1,0
 36a:	4501                	li	a0,0
 36c:	ace9                	j	646 <usb_send_data>
		else if( reqShl == (0x0500>>1) ) // SET_ADDRESS = 0x05
 36e:	28000793          	li	a5,640
 372:	fef618e3          	bne	a2,a5,362 <usb_pid_handle_data+0x7c>
			ist->my_address = wvi;
 376:	c354                	sw	a3,4(a4)
 378:	b7ed                	j	362 <usb_pid_handle_data+0x7c>
	...

0000037c <EXTI7_0_IRQHandler>:

.section .text.vector_handler
.global EXTI7_0_IRQHandler
.balign 4
EXTI7_0_IRQHandler:
	addi	sp,sp,-80
 37c:	715d                	addi	sp,sp,-80
	sw	a0, 0(sp)
 37e:	c02a                	sw	a0,0(sp)
	sw	a5, 20(sp)
 380:	ca3e                	sw	a5,20(sp)
	la a5, USB_GPIO_BASE
 382:	400117b7          	lui	a5,0x40011
 386:	40078793          	addi	a5,a5,1024 # 40011400 <__global_pointer$+0x20010c00>
	c.lw a0, INDR_OFFSET(a5) // MUST check SE0 immediately.
 38a:	4788                	lw	a0,8(a5)
	c.andi a0, USB_DMASK
 38c:	8931                	andi	a0,a0,12

	sw	a1, 4(sp)
 38e:	c22e                	sw	a1,4(sp)
	sw	a2, 8(sp)
 390:	c432                	sw	a2,8(sp)
	sw	a3, 12(sp)
 392:	c636                	sw	a3,12(sp)
	sw	a4, 16(sp)
 394:	c83a                	sw	a4,16(sp)
	sw	s1, 28(sp)
 396:	ce26                	sw	s1,28(sp)

	SAVE_DEBUG_MARKER( 48 );
 398:	d812                	sw	tp,48(sp)
	DEBUG_TICK_SETUP
 39a:	40013237          	lui	tp,0x40013
 39e:	c5820213          	addi	tp,tp,-936 # 40012c58 <__global_pointer$+0x20012458>
	c.lw a1, INDR_OFFSET(a5)
 3a2:	478c                	lw	a1,8(a5)
	c.andi a1, USB_DMASK;
 3a4:	89b1                	andi	a1,a1,12

	// Finish jump to se0
	c.beqz a0, handle_se0_keepalive
 3a6:	22050963          	beqz	a0,5d8 <handle_se0_keepalive>

	c.lw a0, INDR_OFFSET(a5); c.andi a0, USB_DMASK; bne a0, a1, syncout
 3aa:	4788                	lw	a0,8(a5)
 3ac:	8931                	andi	a0,a0,12
 3ae:	02b51b63          	bne	a0,a1,3e4 <syncout>
	c.lw a0, INDR_OFFSET(a5); c.andi a0, USB_DMASK; bne a0, a1, syncout
 3b2:	4788                	lw	a0,8(a5)
 3b4:	8931                	andi	a0,a0,12
 3b6:	02b51763          	bne	a0,a1,3e4 <syncout>
	c.lw a0, INDR_OFFSET(a5); c.andi a0, USB_DMASK; bne a0, a1, syncout
 3ba:	4788                	lw	a0,8(a5)
 3bc:	8931                	andi	a0,a0,12
 3be:	02b51363          	bne	a0,a1,3e4 <syncout>
	c.lw a0, INDR_OFFSET(a5); c.andi a0, USB_DMASK; bne a0, a1, syncout
 3c2:	4788                	lw	a0,8(a5)
 3c4:	8931                	andi	a0,a0,12
 3c6:	00b51f63          	bne	a0,a1,3e4 <syncout>
	c.lw a0, INDR_OFFSET(a5); c.andi a0, USB_DMASK; bne a0, a1, syncout
 3ca:	4788                	lw	a0,8(a5)
 3cc:	8931                	andi	a0,a0,12
 3ce:	00b51b63          	bne	a0,a1,3e4 <syncout>
	c.lw a0, INDR_OFFSET(a5); c.andi a0, USB_DMASK; bne a0, a1, syncout
 3d2:	4788                	lw	a0,8(a5)
 3d4:	8931                	andi	a0,a0,12
 3d6:	00b51763          	bne	a0,a1,3e4 <syncout>
	c.lw a0, INDR_OFFSET(a5); c.andi a0, USB_DMASK; bne a0, a1, syncout
 3da:	4788                	lw	a0,8(a5)
 3dc:	8931                	andi	a0,a0,12
 3de:	00b51363          	bne	a0,a1,3e4 <syncout>
	c.j syncout
 3e2:	a009                	j	3e4 <syncout>

000003e4 <syncout>:
syncout:
	sw	s0, 24(sp)
 3e4:	cc22                	sw	s0,24(sp)
	li a2, 0
 3e6:	4601                	li	a2,0
	sw	t0, 32(sp)  // XXX NOTE: This is actually unused register - remove some day?
 3e8:	d016                	sw	t0,32(sp)
	sw	t1, 36(sp)
 3ea:	d21a                	sw	t1,36(sp)

000003ec <preamble_loop>:
	
	// This is actually somewhat late.
	// The preamble loop should try to make it earlier.
.balign 4
preamble_loop:
	DEBUG_TICK_MARK
 3ec:	00022023          	sw	zero,0(tp) # 0 <InterruptVector>
	c.lw a0, INDR_OFFSET(a5);
 3f0:	4788                	lw	a0,8(a5)
	c.andi a0, USB_DMASK;
 3f2:	8931                	andi	a0,a0,12
	c.beqz a0, done_usb_message // SE0 here?
 3f4:	18050163          	beqz	a0,576 <done_usb_message>
	c.xor a0, a1;
 3f8:	8d2d                	xor	a0,a0,a1
	c.xor a1, a0; // Recover a1.
 3fa:	8da9                	xor	a1,a1,a0
	j 1f; 1: // 4 cycles?
 3fc:	a009                	j	3fe <preamble_loop+0x12>
	c.beqz a0, done_preamble
 3fe:	c909                	beqz	a0,410 <done_preamble>
	j 1f; 1: // 4 cycles?
 400:	a009                	j	402 <preamble_loop+0x16>
	c.lw s0, INDR_OFFSET(a5);
 402:	4780                	lw	s0,8(a5)
	c.andi s0, USB_DMASK;
 404:	8831                	andi	s0,s0,12
	c.xor s0, a1
 406:	8c2d                	xor	s0,s0,a1

	// TRICKY: This helps retime the USB sync.
	// If s0 is nonzero, then it's changed (we're going too slow)
	c.bnez s0, 2f;  // This code takes 6 cycles or 8 cycles, depending.
 408:	e011                	bnez	s0,40c <preamble_loop+0x20>
	c.j 1f; 1:
 40a:	a009                	j	40c <preamble_loop+0x20>
	2:
	j preamble_loop // 4 cycles
 40c:	b7c5                	j	3ec <preamble_loop>
 40e:	0001                	nop

00000410 <done_preamble>:
.balign 4
done_preamble:
	sw  t2, 40(sp)
 410:	d41e                	sw	t2,40(sp)
	sw  ra, 52(sp)
 412:	da06                	sw	ra,52(sp)
	// 16-byte temporary buffer at 56+sp

	// XXX TODO: Do one byte here to determine the header byte and from that set the CRC.
	c.li s1, 8
 414:	44a1                	li	s1,8

	// This is the first bit that matters.
	c.li s0, 6 // 1 runs.
 416:	4419                	li	s0,6

	c.nop; 
 418:	0001                	nop
 41a:	0001                	nop

0000041c <packet_type_loop>:
packet_type_loop:
	// Up here to delay loop a tad, and we need to execute them anyway.
	// TODO: Maybe we could further sync bits here instead of take up time?
	// I.e. can we do what we're doing above, here, and take less time, but sync
	// up when possible.
	li a3, 0xffff // Starting CRC of 0.   Because USB doesn't respect reverse CRCing.
 41c:	66c1                	lui	a3,0x10
 41e:	16fd                	addi	a3,a3,-1 # ffff <rv003usb.c.daf31929+0xdd44>
	li a4, 0xa001
 420:	6729                	lui	a4,0xa
 422:	0705                	addi	a4,a4,1 # a001 <rv003usb.c.daf31929+0x7d46>
	addi  t2, sp, DATA_PTR_OFFSET //rv003usb_internal_data
 424:	03f10393          	addi	t2,sp,63
	la  t0, 0x80
 428:	08000293          	li	t0,128
	c.nop
 42c:	0001                	nop
 42e:	0001                	nop

	DEBUG_TICK_MARK
 430:	00022023          	sw	zero,0(tp) # 0 <InterruptVector>
	c.lw a0, INDR_OFFSET(a5);
 434:	4788                	lw	a0,8(a5)
	c.andi a0, USB_DMASK;
 436:	8931                	andi	a0,a0,12
	c.beqz a0, done_usb_message // Not se0 complete, that can't happen here and be valid.
 438:	12050f63          	beqz	a0,576 <done_usb_message>
	c.xor a0, a1;
 43c:	8d2d                	xor	a0,a0,a1
	c.xor a1, a0; // Recover a1, for next cycle
 43e:	8da9                	xor	a1,a1,a0

	// No CRC for the header.
	//c.srli a0, USB_PIN_DP
	//c.addi a0, 1 // 00 -> 1, 11 -> 100
	//c.andi a0, 1 // If 1, 1 if 0, 0
        c.nop
 440:	0001                	nop
        seqz a0, a0
 442:	00153513          	seqz	a0,a0

	// Write header into byte in reverse order, because we can.
	c.slli a2, 1
 446:	0606                	slli	a2,a2,0x1
	c.or a2, a0
 448:	8e49                	or	a2,a2,a0

	// Handle bit stuffing rules.
	c.addi a0, -1 // 0->0xffffffff 1->0
 44a:	157d                	addi	a0,a0,-1
	c.or s0, a0
 44c:	8c49                	or	s0,s0,a0
	c.andi s0, 7
 44e:	881d                	andi	s0,s0,7
	c.addi s0, -1
 450:	147d                	addi	s0,s0,-1
	c.addi s1, -1
 452:	14fd                	addi	s1,s1,-1
	c.bnez s1, packet_type_loop
 454:	f4e1                	bnez	s1,41c <packet_type_loop>
///////////////////////////////////////////////////////////////////////////////////////
///////////////////////////////////////////////////////////////////////////////////////	

	// XXX Here, figure out CRC polynomial.

	li s1, (USB_BUFFER_SIZE*8) // # of bits we culd read.
 456:	06000493          	li	s1,96
	//
	// When we get here, packet type is loaded in A2.
	// If packet type is 0xXX01 or 0xXX11
	// the LSBs are the inverted packet type.
	// we can branch off of bit 2.
	andi a0, a2, 0x0c
 45a:	00c67513          	andi	a0,a2,12

	// if a0 is 1 then it's DATA (full CRC) otheriwse,
	// (0) for setup or PARTIAL CRC.
	// Careful:  This has to take a constant amount of time either way the branch goes.
	c.beqz a0, data_crc
 45e:	c509                	beqz	a0,468 <data_crc>
	c.li a4, 0x14	
 460:	4751                	li	a4,20
	c.li a3, 0x1e
 462:	46f9                	li	a3,30
 464:	00000013          	.word	0x00000013

00000468 <data_crc>:

///////////////////////////////////////////////////////////////////////////////////////
///////////////////////////////////////////////////////////////////////////////////////	
.balign 4
is_end_of_byte:
	HANDLE_EOB_YES
 468:	00c38023          	sb	a2,0(t2)
 46c:	00138393          	.word	0x00138393

00000470 <bit_process>:
	// end-of-byte.
.balign 4
bit_process:
	// Debug blip
//	c.lw a4, INDR_OFFSET(a5);
	DEBUG_TICK_MARK
 470:	00022023          	sw	zero,0(tp) # 0 <InterruptVector>
	c.lw a0, INDR_OFFSET(a5);
 474:	4788                	lw	a0,8(a5)
	c.andi a0, USB_DMASK;
 476:	8931                	andi	a0,a0,12
	c.xor a0, a1;
 478:	8d2d                	xor	a0,a0,a1
#define HANDLE_NEXT_BYTE(is_end_of_byte, jumptype)  \
	c.addi s1, -1; \
	andi a0, s1, 7; /* s1 could be really really big */ \
	c.jumptype a0, is_end_of_byte /* 4 cycles for this section. (Checked) (Sometimes 5)? */ 

	c.beqz a0, handle_one_bit
 47a:	c50d                	beqz	a0,4a4 <handle_one_bit>

0000047c <handle_zero_bit>:
handle_zero_bit:
	c.xor a1, a0; // Recover a1, for next cycle
 47c:	8da9                	xor	a1,a1,a0
	// TODO: Do we have time to do time fixup here?
	// Can we resync time here?
	// If they are different, we need to sloowwww dowwwnnn
	// There is some free time.  Could do something interesting here!!!
	// I was thinking we could put the resync code here.
	c.j 1f; 1:  //Delay 4 cycles.
 47e:	a009                	j	480 <handle_zero_bit+0x4>

	c.li s0, 6      // reset runs-of-one.
 480:	4419                	li	s0,6
	c.beqz a1, se0_complete
 482:	c9bd                	beqz	a1,4f8 <se0_complete>

	// Handle CRC (0 bit)  (From @Domkeykong)
	slli a0,a3,31 // Put a3s LSB into a0s MSB
 484:	01f69513          	slli	a0,a3,0x1f
	c.srai a0,31    // Copy MSB into all other bits
 488:	857d                	srai	a0,a0,0x1f
	c.srli a3,1
 48a:	8285                	srli	a3,a3,0x1
	c.and  a0, a4
 48c:	8d79                	and	a0,a0,a4
	c.xor  a3, a0
 48e:	8ea9                	xor	a3,a3,a0

	c.srli a2, 1;  // shift a2 down by 1
 490:	8205                	srli	a2,a2,0x1
	HANDLE_NEXT_BYTE(is_end_of_byte, beqz)
 492:	14fd                	addi	s1,s1,-1
 494:	0074f513          	andi	a0,s1,7
 498:	d961                	beqz	a0,468 <data_crc>
	c.nop
 49a:	0001                	nop
	c.nop
 49c:	0001                	nop
	c.nop
 49e:	0001                	nop
	c.bnez s1, bit_process // + 4 cycles
 4a0:	f8e1                	bnez	s1,470 <bit_process>
	c.j done_usb_message
 4a2:	a8d1                	j	576 <done_usb_message>

000004a4 <handle_one_bit>:


.balign 4
handle_one_bit:
	c.addi s0, -1; // Count # of runs of 1 (subtract 1)
 4a4:	147d                	addi	s0,s0,-1
	//HANDLE_CRC (1 bit)
	andi a0, a3, 1
 4a6:	0016f513          	andi	a0,a3,1
	c.addi a0, -1
 4aa:	157d                	addi	a0,a0,-1
	c.and a0, a4
 4ac:	8d79                	and	a0,a0,a4
	c.srli a3, 1
 4ae:	8285                	srli	a3,a3,0x1
	c.xor a3, a0
 4b0:	8ea9                	xor	a3,a3,a0

	c.srli a2, 1;  // shift a2 down by 1
 4b2:	8205                	srli	a2,a2,0x1
	ori a2, a2, 0x80
 4b4:	08066613          	ori	a2,a2,128
	c.beqz s0, handle_bit_stuff;
 4b8:	c811                	beqz	s0,4cc <handle_bit_stuff>

	HANDLE_NEXT_BYTE(is_end_of_byte, beqz)
 4ba:	14fd                	addi	s1,s1,-1
 4bc:	0074f513          	andi	a0,s1,7
 4c0:	d545                	beqz	a0,468 <data_crc>
	c.nop // Need extra delay here because we need more time if it's end-of-byte.
 4c2:	0001                	nop
	c.nop
 4c4:	0001                	nop
	c.nop
 4c6:	0001                	nop
	c.bnez s1, bit_process // + 4 cycles
 4c8:	f4c5                	bnez	s1,470 <bit_process>
	c.j done_usb_message
 4ca:	a075                	j	576 <done_usb_message>

000004cc <handle_bit_stuff>:

handle_bit_stuff:
	// We want to wait a little bit, then read another byte, and make
	// sure everything is well, before heading back into the main loop
	// Debug blip
	HANDLE_NEXT_BYTE(not_is_end_of_byte_and_bit_stuffed, bnez)
 4cc:	14fd                	addi	s1,s1,-1
 4ce:	0074f513          	andi	a0,s1,7
 4d2:	e509                	bnez	a0,4dc <not_is_end_of_byte_and_bit_stuffed>
	HANDLE_EOB_YES
 4d4:	00c38023          	sb	a2,0(t2)
 4d8:	00138393          	.word	0x00138393

000004dc <not_is_end_of_byte_and_bit_stuffed>:

not_is_end_of_byte_and_bit_stuffed:
        DEBUG_TICK_MARK
 4dc:	00022023          	sw	zero,0(tp) # 0 <InterruptVector>
	c.lw a0, INDR_OFFSET(a5);
 4e0:	4788                	lw	a0,8(a5)
	c.andi a0, USB_DMASK;
 4e2:	8931                	andi	a0,a0,12
	c.beqz a0, se0_complete
 4e4:	c911                	beqz	a0,4f8 <se0_complete>
	c.xor a0, a1;
 4e6:	8d2d                	xor	a0,a0,a1
	c.xor a1, a0; // Recover a1, for next cycle.
 4e8:	8da9                	xor	a1,a1,a0

	// If A0 is a 0 then that's bad, we just did a bit stuff
        //   and A0 == 0 means there was no signal transition
	c.beqz a0, done_usb_message
 4ea:	c551                	beqz	a0,576 <done_usb_message>

        // Reset bit stuff, delay, then continue onto the next actual bit
	c.li s0, 6;
 4ec:	4419                	li	s0,6

        c.nop;
 4ee:	0001                	nop
	nx6p3delay( 2, a0 )
 4f0:	450d                	li	a0,3
 4f2:	157d                	addi	a0,a0,-1
 4f4:	fd7d                	bnez	a0,4f2 <not_is_end_of_byte_and_bit_stuffed+0x16>

	c.bnez s1, bit_process // + 4 cycles
 4f6:	fcad                	bnez	s1,470 <bit_process>

000004f8 <se0_complete>:

.balign 4
se0_complete:
	// This is triggered when we finished getting a packet.
	andi a0, s1, 7; // Make sure we received an even number of bytes.
 4f8:	0074f513          	andi	a0,s1,7
	c.bnez a0, done_usb_message
 4fc:	ed2d                	bnez	a0,576 <done_usb_message>


	// Special: handle ACKs?
	// Now we have to decide what we're doing based on the
	// packet type.
	addi  a1, sp, DATA_PTR_OFFSET
 4fe:	03f10593          	addi	a1,sp,63
 502:	2188                	.short	0x2188
	XW_C_LBU(a0, a1, 0);	//lbu  a0, 0(a1)
	c.addi a1, 1
 504:	0585                	addi	a1,a1,1
	// 1001 => 10010110 => PID IN
	// 0001 => 10000111 => PID_OUT
	// 1101 => 10110100 => SETUP    (OK)

	// a0 contains first 4 bytes.
	la ra, done_usb_message_in // Common return address for all function calls.
 506:	00000097          	auipc	ra,0x0
 50a:	07008093          	addi	ra,ra,112 # 576 <done_usb_message>

	// For ACK don't worry about CRC.
	addi a5, a0, -0b01001011
 50e:	fb550793          	addi	a5,a0,-75

	RESTORE_DEBUG_MARKER(48) // restore x4 for whatever in C land.
 512:	5242                	lw	tp,48(sp)

	la a4, rv003usb_internal_data
 514:	20000717          	auipc	a4,0x20000
 518:	af070713          	addi	a4,a4,-1296 # 20000004 <rv003usb_internal_data>

	// ACK doesn't need good CRC.
	c.beqz a5, usb_pid_handle_ack
 51c:	c7c9                	beqz	a5,5a6 <usb_pid_handle_ack>

	// Next, check for tokens.
	c.bnez a3, crc_for_tokens_would_be_bad_maybe_data
 51e:	ea85                	bnez	a3,54e <crc_for_tokens_would_be_bad_maybe_data>

00000520 <may_be_a_token>:
 520:	2192                	.short	0x2192
may_be_a_token:
	// Our CRC is 0, so we might be a token.

	// Do token-y things.
	XW_C_LHU( a2, a1, 0 )
	andi a0, a2, 0x7f // addr
 522:	07f67513          	andi	a0,a2,127
	c.srli a2, 7
 526:	821d                	srli	a2,a2,0x7
	c.andi a2, 0xf    // endp
 528:	8a3d                	andi	a2,a2,15
	li s0, ENDPOINTS
 52a:	4409                	li	s0,2
	bgeu a2, s0, done_usb_message // Make sure < ENDPOINTS
 52c:	04867563          	bgeu	a2,s0,576 <done_usb_message>
	c.beqz a0,  yes_check_tokens
 530:	c501                	beqz	a0,538 <yes_check_tokens>
 532:	2340                	.short	0x2340
	// Otherwise, we might have our assigned address.
	XW_C_LBU(s0, a4, MY_ADDRESS_OFFSET_BYTES);	//	lbu s0, MY_ADDRESS_OFFSET_BYTES(a4)
	bne s0, a0, done_usb_message // addr != 0 && addr != ours.
 534:	04a41163          	bne	s0,a0,576 <done_usb_message>

00000538 <yes_check_tokens>:
yes_check_tokens:
	addi a5, a5, (0b01001011-0b10000111)
 538:	fc478793          	addi	a5,a5,-60
	c.beqz a5, usb_pid_handle_out
 53c:	cfc1                	beqz	a5,5d4 <usb_pid_handle_out>
	c.addi a5, (0b10000111-0b10010110)
 53e:	17c5                	addi	a5,a5,-15
	c.beqz a5, usb_pid_handle_in
 540:	00079463          	bnez	a5,548 <yes_check_tokens+0x10>
 544:	d27ff06f          	j	26a <usb_pid_handle_in>
	c.addi a5, (0b10010110-0b10110100)
 548:	1789                	addi	a5,a5,-30
	c.beqz a5, usb_pid_handle_setup
 54a:	cbb5                	beqz	a5,5be <usb_pid_handle_setup>

	c.j done_usb_message_in
 54c:	a02d                	j	576 <done_usb_message>

0000054e <crc_for_tokens_would_be_bad_maybe_data>:

	// CRC is nonzero. (Good for Data packets)
crc_for_tokens_would_be_bad_maybe_data:
	li s0, 0xb001  // UGH: You can't use the CRC16 in reverse :(
 54e:	642d                	lui	s0,0xb
 550:	0405                	addi	s0,s0,1 # b001 <rv003usb.c.daf31929+0x8d46>
	c.sub a3, s0
 552:	8e81                	sub	a3,a3,s0
	c.bnez a3, done_usb_message_in
 554:	e28d                	bnez	a3,576 <done_usb_message>
	// Good CRC!!
	sub a3, t2, a1 //a3 = # of bytes read..
 556:	40b386b3          	sub	a3,t2,a1
	c.addi a3, 1
 55a:	0685                	addi	a3,a3,1
	addi a5, a5, (0b01001011-0b11000011)
 55c:	f8878793          	addi	a5,a5,-120
	c.li a2, 0
 560:	4601                	li	a2,0
	c.beqz a5, usb_pid_handle_data
 562:	00079463          	bnez	a5,56a <crc_for_tokens_would_be_bad_maybe_data+0x1c>
 566:	d81ff06f          	j	2e6 <usb_pid_handle_data>
	c.addi a5, (0b11000011-0b11010010)
 56a:	17c5                	addi	a5,a5,-15
	c.li a2, 1
 56c:	4605                	li	a2,1
	c.beqz a5, usb_pid_handle_data
 56e:	00079463          	bnez	a5,576 <done_usb_message>
 572:	d75ff06f          	j	2e6 <usb_pid_handle_data>

00000576 <done_usb_message>:

done_usb_message:
done_usb_message_in:
	lw	s0, 24(sp)
 576:	4462                	lw	s0,24(sp)
	lw	s1, 28(sp)
 578:	44f2                	lw	s1,28(sp)
	lw	t0, 32(sp)
 57a:	5282                	lw	t0,32(sp)
	lw	t1, 36(sp)
 57c:	5312                	lw	t1,36(sp)
	lw	t2, 40(sp)
 57e:	53a2                	lw	t2,40(sp)
	lw  ra, 52(sp)
 580:	50d2                	lw	ra,52(sp)

00000582 <ret_from_se0>:

ret_from_se0:
	lw	s1, 28(sp)
 582:	44f2                	lw	s1,28(sp)
	RESTORE_DEBUG_MARKER(48)
 584:	5242                	lw	tp,48(sp)
	lw	a2, 8(sp)
 586:	4622                	lw	a2,8(sp)
	lw	a3, 12(sp)
 588:	46b2                	lw	a3,12(sp)
	lw	a4, 16(sp)
 58a:	4742                	lw	a4,16(sp)
	lw	a1, 4(sp)
 58c:	4592                	lw	a1,4(sp)

0000058e <interrupt_complete>:

interrupt_complete:
	// Acknowledge interrupt.
	// EXTI->INTFR = 1<<4
	c.j 1f; 1: // Extra little bit of delay to make sure we don't accidentally false fire.
 58e:	a009                	j	590 <interrupt_complete+0x2>

	la a5, EXTI_BASE + 20
 590:	400107b7          	lui	a5,0x40010
 594:	41478793          	addi	a5,a5,1044 # 40010414 <__global_pointer$+0x2000fc14>
	li a0, (1<<USB_PIN_DM)
 598:	4521                	li	a0,8
	sw a0, 0(a5)
 59a:	c388                	sw	a0,0(a5)

	// Restore stack.
	lw	a0, 0(sp)
 59c:	4502                	lw	a0,0(sp)
	lw	a5, 20(sp)
 59e:	47d2                	lw	a5,20(sp)
	addi	sp,sp,80
 5a0:	6161                	addi	sp,sp,80
	mret
 5a2:	30200073          	mret

000005a6 <usb_pid_handle_ack>:
	return;
}
*/

usb_pid_handle_ack:
	c.lw a2, 0(a4) //ist->current_endpoint -> endp;
 5a6:	4310                	lw	a2,0(a4)
	c.slli a2, 5
 5a8:	0616                	slli	a2,a2,0x5
	c.add a2, a4
 5aa:	963a                	add	a2,a2,a4
	c.addi a2, ENDP_OFFSET // usb_endpoint eps[ENDPOINTS];
 5ac:	0671                	addi	a2,a2,28 # 10001c <rv003usb.c.daf31929+0xfdd61>

	c.lw a0, (EP_TOGGLE_IN_OFFSET)(a2) // toggle_in=!toggle_in
 5ae:	4248                	lw	a0,4(a2)
	c.li a1, 1
 5b0:	4585                	li	a1,1
	c.xor a0, a1
 5b2:	8d2d                	xor	a0,a0,a1
	c.sw a0, (EP_TOGGLE_IN_OFFSET)(a2)
 5b4:	c248                	sw	a0,4(a2)

	c.lw a0, (EP_COUNT_OFFSET)(a2) // count_in
 5b6:	4208                	lw	a0,0(a2)
	c.addi a0, 1
 5b8:	0505                	addi	a0,a0,1
	c.sw a0, (EP_COUNT_OFFSET)(a2)
 5ba:	c208                	sw	a0,0(a2)

	c.j done_usb_message_in
 5bc:	bf6d                	j	576 <done_usb_message>

000005be <usb_pid_handle_setup>:
	e->count = 0;
	e->toggle_in = 1;
	ist->setup_request = 1;
}*/
usb_pid_handle_setup:
	c.sw a2, 0(a4) // ist->current_endpoint = endp
 5be:	c310                	sw	a2,0(a4)
	c.li a1, 1
 5c0:	4585                	li	a1,1
	c.sw a1, SETUP_REQUEST_OFFSET(a4) //ist->setup_request = 1;
 5c2:	c70c                	sw	a1,8(a4)
	c.slli a2, 3+2
 5c4:	0616                	slli	a2,a2,0x5
	c.add a2, a4
 5c6:	963a                	add	a2,a2,a4
	c.sw a1, (ENDP_OFFSET+EP_TOGGLE_IN_OFFSET)(a2) //e->toggle_in = 1;
 5c8:	d20c                	sw	a1,32(a2)
	c.li a1, 0
 5ca:	4581                	li	a1,0
	c.sw a1, (ENDP_OFFSET+EP_COUNT_OFFSET)(a2)  //e->count = 0;
 5cc:	ce4c                	sw	a1,28(a2)
	c.sw a1, (ENDP_OFFSET+EP_OPAQUE_OFFSET)(a2)  //e->opaque = 0;
 5ce:	de0c                	sw	a1,56(a2)
	c.sw a1, (ENDP_OFFSET+EP_TOGGLE_OUT_OFFSET)(a2) //e->toggle_out = 0;
 5d0:	d24c                	sw	a1,36(a2)
	c.j done_usb_message_in	
 5d2:	b755                	j	576 <done_usb_message>

000005d4 <usb_pid_handle_out>:
 5d4:	a310                	.short	0xa310
//This will correctly swap back the endpoint.
usb_pid_handle_out:
	//void usb_pid_handle_out( uint32_t addr, uint8_t * data, uint32_t endp, uint32_t unused, struct rv003usb_internal * ist )	
	//sb a2, 0(a4) //ist->current_endpoint = endp;
	XW_C_SB( a2, a4, 0 ); // current_endpoint = endp
	c.j done_usb_message_in
 5d6:	b745                	j	576 <done_usb_message>

000005d8 <handle_se0_keepalive>:

handle_se0_keepalive:
	// In here, we want to do smart stuff with the
	// 1ms tick.

	la  a0, SYSTICK_CNT
 5d8:	e000f537          	lui	a0,0xe000f
 5dc:	0521                	addi	a0,a0,8 # e000f008 <__global_pointer$+0xc000e808>
	la a4, rv003usb_internal_data
 5de:	20000717          	auipc	a4,0x20000
 5e2:	a2670713          	addi	a4,a4,-1498 # 20000004 <rv003usb_internal_data>
	c.lw a1, LAST_SE0_OFFSET(a4) //last cycle count   last_se0_cyccount
 5e6:	4b0c                	lw	a1,16(a4)
	c.lw a2, 0(a0) //this cycle count
 5e8:	4110                	lw	a2,0(a0)
	c.sw a2, LAST_SE0_OFFSET(a4) //store it back to last_se0_cyccount
 5ea:	cb10                	sw	a2,16(a4)
	c.sub a2, a1
 5ec:	8e0d                	sub	a2,a2,a1
	c.sw a2, DELTA_SE0_OFFSET(a4) //record delta_se0_cyccount
 5ee:	cb50                	sw	a2,20(a4)

	li a1, 48000
 5f0:	65b1                	lui	a1,0xc
 5f2:	b8058593          	addi	a1,a1,-1152 # bb80 <rv003usb.c.daf31929+0x98c5>
	c.sub a2, a1
 5f6:	8e0d                	sub	a2,a2,a1
	// This is our deviance from 48MHz.

	// Make sure we aren't in left field.
	li a5, 4000
 5f8:	6785                	lui	a5,0x1
 5fa:	fa078793          	addi	a5,a5,-96 # fa0 <_data_lma+0x708>
	bge a2, a5, ret_from_se0
 5fe:	f8f652e3          	bge	a2,a5,582 <ret_from_se0>
	li a5, -4000
 602:	77fd                	lui	a5,0xfffff
 604:	06078793          	addi	a5,a5,96 # fffff060 <__global_pointer$+0xdfffe860>
	blt a2, a5, ret_from_se0
 608:	f6f64de3          	blt	a2,a5,582 <ret_from_se0>

	c.lw a1, SE0_WINDUP_OFFSET(a4) // load windup se0_windup
 60c:	4f0c                	lw	a1,24(a4)
	c.add a1, a2
 60e:	95b2                	add	a1,a1,a2
	c.sw a1, SE0_WINDUP_OFFSET(a4) // save windup
 610:	cf0c                	sw	a1,24(a4)

	// No further adjustments
	beqz a1, ret_from_se0
 612:	d9a5                	beqz	a1,582 <ret_from_se0>

	// 0x40021000 = RCC.CTLR
	la a4, 0x40021000
 614:	40021737          	lui	a4,0x40021
	lw a0, 0(a4)
 618:	4308                	lw	a0,0(a4)
	srli a2, a0, 3 // Extract HSI Trim.
 61a:	00355613          	srli	a2,a0,0x3
	andi a2, a2, 0b11111
 61e:	8a7d                	andi	a2,a2,31
	li a5, 0xffffff07  
 620:	f0700793          	li	a5,-249
	and a0, a0, a5	// Mask off non-HSI
 624:	8d7d                	and	a0,a0,a5

	// Decimate windup - use as HSIrim.
	neg a1, a1
 626:	40b005b3          	neg	a1,a1
	srai a2, a1, 9
 62a:	4095d613          	srai	a2,a1,0x9
	addi a2, a2, 16  // add hsi offset.
 62e:	0641                	addi	a2,a2,16

	// Put trim in place in register.
	slli a2, a2, 3
 630:	060e                	slli	a2,a2,0x3
	or a0, a0, a2
 632:	8d51                	or	a0,a0,a2
	sw a0, 0(a4)
 634:	c308                	sw	a0,0(a4)

	j ret_from_se0
 636:	b7b1                	j	582 <ret_from_se0>

00000638 <usb_send_empty>:


.balign 4
//void usb_send_empty( uint32_t token );
usb_send_empty:
	c.mv a3, a0
 638:	86aa                	mv	a3,a0
	la a0, always0
 63a:	00000517          	auipc	a0,0x0
 63e:	13a50513          	addi	a0,a0,314 # 774 <always0>
	li a1, 2
 642:	4589                	li	a1,2
	c.mv a2, a1
 644:	862e                	mv	a2,a1

00000646 <usb_send_data>:
//void usb_send_data( uint8_t * data, uint32_t length, uint32_t poly_function, uint32_t token );
usb_send_data:
	addi	sp,sp,-16
 646:	1141                	addi	sp,sp,-16
	sw	s0, 0(sp)
 648:	c022                	sw	s0,0(sp)
	sw	s1, 4(sp)
 64a:	c226                	sw	s1,4(sp)

	la a5, USB_GPIO_BASE
 64c:	400117b7          	lui	a5,0x40011
 650:	40078793          	addi	a5,a5,1024 # 40011400 <__global_pointer$+0x20010c00>

	// ASAP: Turn the bus around and send our preamble + token.
	c.lw a4, CFGLR_OFFSET(a5)
 654:	4398                	lw	a4,0(a5)

	li s1, ~((0b1111<<(USB_PIN_DP*4)) | (0b1111<<(USB_PIN_DM*4)))
 656:	74c1                	lui	s1,0xffff0
 658:	0ff48493          	addi	s1,s1,255 # ffff00ff <__global_pointer$+0xdffef8ff>
	and a4, s1, a4
 65c:	8f65                	and	a4,a4,s1

	// Convert D+/D- into 2MHz outputs
	li s1, ((0b0010<<(USB_PIN_DP*4)) | (0b0010<<(USB_PIN_DM*4)))
 65e:	6489                	lui	s1,0x2
 660:	20048493          	addi	s1,s1,512 # 2200 <demo_consumer.c.c7b1c13e+0x38c>
	or a4, s1, a4
 664:	8f45                	or	a4,a4,s1

	li s1, (1<<USB_PIN_DP) | (1<<(USB_PIN_DM+16))
 666:	000804b7          	lui	s1,0x80
 66a:	0491                	addi	s1,s1,4 # 80004 <rv003usb.c.daf31929+0x7dd49>
	c.sw s1, BSHR_OFFSET(a5)
 66c:	cb84                	sw	s1,16(a5)

	//00: Universal push-pull output mode
	c.sw a4, CFGLR_OFFSET(a5)
 66e:	c398                	sw	a4,0(a5)

	li t1, (1<<USB_PIN_DP) | (1<<(USB_PIN_DM+16)) | (1<<USB_PIN_DM) | (1<<(USB_PIN_DP+16));
 670:	000c0337          	lui	t1,0xc0
 674:	0331                	addi	t1,t1,12 # c000c <rv003usb.c.daf31929+0xbdd51>

	SAVE_DEBUG_MARKER( 8 )
 676:	c412                	sw	tp,8(sp)

	// Save off our preamble and token.
	c.slli a3, 7     //Put token further up so it gets sent later.
 678:	069e                	slli	a3,a3,0x7
	ori s0, a3, 0x40  
 67a:	0406e413          	ori	s0,a3,64

	li t0, 0x0000
 67e:	4281                	li	t0,0
	c.bnez a2, done_poly_check
 680:	e609                	bnez	a2,68a <done_poly_check>
	li t0, 0xa001
 682:	62a9                	lui	t0,0xa
 684:	0285                	addi	t0,t0,1 # a001 <rv003usb.c.daf31929+0x7d46>
	li a2, 0xffff
 686:	6641                	lui	a2,0x10
 688:	167d                	addi	a2,a2,-1 # ffff <rv003usb.c.daf31929+0xdd44>

0000068a <done_poly_check>:
done_poly_check:

	c.slli a1, 3 // bump up one extra to be # of bits
 68a:	058e                	slli	a1,a1,0x3
	mv t2, a1
 68c:	83ae                	mv	t2,a1

	// t0 is our polynomial
	// a2 is our running CRC.
	// a3 is our token.
	DEBUG_TICK_SETUP
 68e:	40013237          	lui	tp,0x40013
 692:	c5820213          	addi	tp,tp,-936 # 40012c58 <__global_pointer$+0x20012458>

	c.li a4, 6 // reset bit stuffing.
 696:	4719                	li	a4,6
	c.li a1, 15 // 15 bits.
 698:	45bd                	li	a1,15

	//c.nop; c.nop; c.nop;
	c.j pre_and_tok_send_inner_loop
 69a:	a009                	j	69c <pre_and_tok_send_inner_loop>

0000069c <pre_and_tok_send_inner_loop>:
		* We have to decrement our bit stuffing index.
		* If it is 0, we can reset our bit stuffing index.
	*/

	// a3 is now the lsb of s0 (the 'next bit' to read out)
	c.mv a3, s0
 69c:	86a2                	mv	a3,s0
	c.srli s0, 1 // Shift down into the next bit.
 69e:	8005                	srli	s0,s0,0x1
	c.andi a3, 1
 6a0:	8a85                	andi	a3,a3,1
	// If a3 is 0, we should FLIP
	// if a3 is 1, we should NOT flip.

	c.addi a4, -1
 6a2:	177d                	addi	a4,a4,-1 # 40020fff <__global_pointer$+0x200207ff>
	c.bnez a3, pre_and_tok_send_one_bit
 6a4:	e681                	bnez	a3,6ac <pre_and_tok_send_one_bit>
//Send 0 bit. (Flip)
	// Flip s1 (our bshr setting) by xoring it.
	// 10.....01
	// 11.....11 (xor with)
	// 01.....10
	xor s1, s1, t1
 6a6:	0064c4b3          	xor	s1,s1,t1
	c.li a4, 6 // reset bit stuffing.
 6aa:	4719                	li	a4,6

000006ac <pre_and_tok_send_one_bit>:
	// DO NOT flip.  Allow a4 to increment.
// Deliberately unaligned for timing purposes.
.balign 4
pre_and_tok_send_one_bit:
	sw s1, BSHR_OFFSET(a5)
 6ac:	cb84                	sw	s1,16(a5)
	//Bit stuffing doesn't happen.
	c.addi a1, -1
 6ae:	15fd                	addi	a1,a1,-1
	c.beqz a1, pre_and_tok_done_sending_data
 6b0:	c591                	beqz	a1,6bc <pre_and_tok_done_sending_data>
	nx6p3delay( 2, a3 );	c.nop;             // Free time!
 6b2:	468d                	li	a3,3
 6b4:	16fd                	addi	a3,a3,-1
 6b6:	fefd                	bnez	a3,6b4 <pre_and_tok_send_one_bit+0x8>
 6b8:	0001                	nop
	c.j pre_and_tok_send_inner_loop
 6ba:	b7cd                	j	69c <pre_and_tok_send_inner_loop>

000006bc <pre_and_tok_done_sending_data>:
////////////////////////////////////////////////////////////////////////////

	// We have very little time here.  Just enough to do this.

	//Restore size.
	mv a1, t2//lw  a1, 12(sp)
 6bc:	859e                	mv	a1,t2
	c.beqz a1, no_really_done_sending_data  //No actual payload?  Bail!
 6be:	c5ad                	beqz	a1,728 <no_really_done_sending_data>
	c.addi a1, -1
 6c0:	15fd                	addi	a1,a1,-1
//	beqz t2, no_really_done_sending_data 

	bnez t0, done_poly_check2
 6c2:	00029463          	bnez	t0,6ca <done_poly_check2>
	li a2, 0xffff
 6c6:	6641                	lui	a2,0x10
 6c8:	167d                	addi	a2,a2,-1 # ffff <rv003usb.c.daf31929+0xdd44>

000006ca <done_poly_check2>:
 6ca:	0001                	nop

000006cc <load_next_byte>:
 6cc:	2100                	.short	0x2100
	// CH32v003 has the XW extension.
	// this replaces: lb s0, 0(a0)
	XW_C_LBU(s0, a0, 0);
	//lb s0, 0(a0)
	//	.long 0x00150513 // addi a0, a0, 1  (For alignment's sake)
	c.addi a0, 1
 6ce:	0505                	addi	a0,a0,1

000006d0 <send_inner_loop>:
		* We have to decrement our bit stuffing index.
		* If it is 0, we can reset our bit stuffing index.
	*/

	// a3 is now the lsb of s0 (the 'next bit' to read out)
	c.mv a3, s0
 6d0:	86a2                	mv	a3,s0
	c.andi a3, 1
 6d2:	8a85                	andi	a3,a3,1
	// If a3 is 0, we should FLIP
	// if a3 is 1, we should NOT flip.
	c.beqz a3, send_zero_bit
 6d4:	ce81                	beqz	a3,6ec <send_zero_bit>
	c.srli s0, 1 // Shift down into the next bit.
 6d6:	8005                	srli	s0,s0,0x1
//send_one_bit:
	//HANDLE_CRC (1 bit)
	andi a3, a2, 1
 6d8:	00167693          	andi	a3,a2,1
	c.addi a3, -1
 6dc:	16fd                	addi	a3,a3,-1
	and a3, a3, t0
 6de:	0056f6b3          	and	a3,a3,t0
	c.srli a2, 1
 6e2:	8205                	srli	a2,a2,0x1
	c.xor a2, a3
 6e4:	8e35                	xor	a2,a2,a3

	c.addi a4, -1
 6e6:	177d                	addi	a4,a4,-1
	c.beqz a4, insert_stuffed_bit
 6e8:	cf25                	beqz	a4,760 <insert_stuffed_bit>
	c.j cont_after_jump
 6ea:	a829                	j	704 <cont_after_jump>

000006ec <send_zero_bit>:
//Send 0 bit. (Flip)
.balign 4
send_zero_bit:
	c.srli s0, 1 // Shift down into the next bit.
 6ec:	8005                	srli	s0,s0,0x1
	// a3 is temp
	// t0 is polynomial.

	// XXX WARNING: this was by https://github.com/cnlohr/rv003usb/issues/7 
	// TODO Check me!
	slli a3,a2,31 // Put a3s LSB into a0s MSB
 6ee:	01f61693          	slli	a3,a2,0x1f
	c.srai a3,31    // Copy MSB into all other bits
 6f2:	86fd                	srai	a3,a3,0x1f

	// Flip s1 (our bshr setting) by xoring it.
	// 10.....01
	// 11.....11 (xor with)
	// 01.....10
	xor s1, s1, t1
 6f4:	0064c4b3          	xor	s1,s1,t1
	sw s1, BSHR_OFFSET(a5)
 6f8:	cb84                	sw	s1,16(a5)

	c.li a4, 6 // reset bit stuffing.
 6fa:	4719                	li	a4,6

	// XXX XXX CRC down here to make bit stuffing timings line up.
	c.srli a2,1
 6fc:	8205                	srli	a2,a2,0x1
	and a3,a3,t0
 6fe:	0056f6b3          	and	a3,a3,t0
	c.xor  a2,a3 
 702:	8e35                	xor	a2,a2,a3

00000704 <cont_after_jump>:

.balign 4
cont_after_jump:
send_end_bit_complete:
	c.beqz a1, done_sending_data
 704:	c981                	beqz	a1,714 <done_sending_data>
	andi a3, a1, 7
 706:	0075f693          	andi	a3,a1,7
	c.addi a1, -1
 70a:	15fd                	addi	a1,a1,-1
	c.beqz a3, load_next_byte
 70c:	d2e1                	beqz	a3,6cc <load_next_byte>
	// Wait an extra few cycles.
	c.j 1f; 1:
 70e:	a009                	j	710 <cont_after_jump+0xc>
	c.j send_inner_loop
 710:	b7c1                	j	6d0 <send_inner_loop>
 712:	0001                	nop

00000714 <done_sending_data>:

.balign 4
done_sending_data:
	// BUT WAIT!! MAYBE WE NEED TO CRC!
	beqz t0, no_really_done_sending_data
 714:	00028a63          	beqz	t0,728 <no_really_done_sending_data>
	srli t0, t0, 8 // reset poly - we don't want it anymore.
 718:	0082d293          	srli	t0,t0,0x8
	li a1, 7 // Load 8 more bits out
 71c:	459d                	li	a1,7
	beqz t0, send_inner_loop  //Second CRC byte
 71e:	fa0289e3          	beqz	t0,6d0 <send_inner_loop>
	// First CRC byte
	not s0, a2 // get read to send out the CRC.
 722:	fff64413          	not	s0,a2
	c.j send_inner_loop
 726:	b76d                	j	6d0 <send_inner_loop>

00000728 <no_really_done_sending_data>:
.balign 4
no_really_done_sending_data:

//	c.bnez a2, poly_function  TODO: Uncomment me!

	nx6p3delay( 2, a3 );
 728:	468d                	li	a3,3
 72a:	16fd                	addi	a3,a3,-1
 72c:	fefd                	bnez	a3,72a <no_really_done_sending_data+0x2>

	// Need to perform an SE0.
	li s1, (1<<(USB_PIN_DM+16)) | (1<<(USB_PIN_DP+16))
 72e:	000c04b7          	lui	s1,0xc0
	c.sw s1, BSHR_OFFSET(a5)
 732:	cb84                	sw	s1,16(a5)

	nx6p3delay( 7, a3 );
 734:	46a1                	li	a3,8
 736:	16fd                	addi	a3,a3,-1
 738:	fefd                	bnez	a3,736 <no_really_done_sending_data+0xe>

	li s1, (1<<(USB_PIN_DM)) | (1<<(USB_PIN_DP+16))
 73a:	000404b7          	lui	s1,0x40
 73e:	04a1                	addi	s1,s1,8 # 40008 <rv003usb.c.daf31929+0x3dd4d>
	c.sw s1, BSHR_OFFSET(a5)
 740:	cb84                	sw	s1,16(a5)

	lw s1, CFGLR_OFFSET(a5)
 742:	4384                	lw	s1,0(a5)
	// Convert D+/D- into inputs.
	li a3, ~((0b11<<(USB_PIN_DP*4)) | (0b11<<(USB_PIN_DM*4)))
 744:	76f5                	lui	a3,0xffffd
 746:	cff68693          	addi	a3,a3,-769 # ffffccff <__global_pointer$+0xdfffc4ff>
	and s1, a3, s1
 74a:	8cf5                	and	s1,s1,a3
	// 01: Floating input mode.
	li a3, ((0b01<<(USB_PIN_DP*4+2)) | (0b01<<(USB_PIN_DM*4+2)))
 74c:	6691                	lui	a3,0x4
 74e:	40068693          	addi	a3,a3,1024 # 4400 <rv003usb.c.daf31929+0x2145>
	or s1, a3, s1
 752:	8cd5                	or	s1,s1,a3
	sw s1, CFGLR_OFFSET(a5)
 754:	c384                	sw	s1,0(a5)

	lw	s0, 0(sp)
 756:	4402                	lw	s0,0(sp)
	lw	s1, 4(sp)
 758:	4492                	lw	s1,4(sp)
	RESTORE_DEBUG_MARKER( 8 )
 75a:	4222                	lw	tp,8(sp)
	addi	sp,sp,16
 75c:	0141                	addi	sp,sp,16
	ret
 75e:	8082                	ret

00000760 <insert_stuffed_bit>:

.balign 4
// TODO: This seems to be either 222 or 226 (not 224) in cases.
// It's off by 2 clock cycles.  Probably OK, but, hmm.
insert_stuffed_bit:
	nx6p3delay(3, a3)
 760:	4691                	li	a3,4
 762:	16fd                	addi	a3,a3,-1
 764:	fefd                	bnez	a3,762 <insert_stuffed_bit+0x2>
	xor s1, s1, t1
 766:	0064c4b3          	xor	s1,s1,t1
	c.li a4, 6 // reset bit stuffing.
 76a:	4719                	li	a4,6
	c.nop
 76c:	0001                	nop
	c.nop
 76e:	0001                	nop
	sw s1, BSHR_OFFSET(a5)
 770:	cb84                	sw	s1,16(a5)
	c.j send_end_bit_complete
 772:	bf49                	j	704 <cont_after_jump>

00000774 <always0>:
 774:	00000000          	.word	0x00000000

00000778 <string3>:
 778:	00300308 00300030 00000000              ..0.0.0.....

00000784 <string2>:
 784:	0052032c 00300056 00330030 00530055     ,.R.V.0.0.3.U.S.
 794:	00200042 00650044 006f006d 00470020     B. .D.e.m.o. .G.
 7a4:	006d0061 00700065 00640061 00000000     a.m.e.p.a.d.....

000007b4 <string1>:
 7b4:	0043030e 004c004e 0068006f 00000072     ..C.N.L.o.h.r...

000007c4 <string0>:
 7c4:	04090304                                ....

000007c8 <consumer_control_hid_desc>:
 7c8:	01090c05 001501a1 e9090125 b509ea09     ........%.......
 7d8:	0495cd09 02810175 04750195 0c050181     ....u.....u.....
 7e8:	cd29b519 01250015 01750295 01950281     ..)...%...u.....
 7f8:	01810675 000000c0                       u.......

00000800 <config_descriptor>:
 800:	00220209 80000101 00040964 00030100     ..".....d.......
 810:	21090000 01000111 07003522 03038105     ...!...."5......
 820:	00000100                                ....

00000824 <device_descriptor>:
 824:	01100112 08000003 c0031209 02010002     ................
 834:	00000103                                ....

00000838 <descriptor_list>:
 838:	00000100 00000824 00000012 00000200     ....$...........
 848:	00000800 00000022 00002200 000007c8     ...."...."......
 858:	00000035 00002100 00000812 00000009     5....!..........
 868:	00000300 000007c4 00000004 04090301     ................
 878:	000007b4 0000000e 04090302 00000784     ................
 888:	0000002c 04090303 00000778 00000008     ,.......x.......
