
demo_consumer.elf:     file format elf32-littleriscv


Disassembly of section .init:

00000000 <InterruptVector>:
   0:	0a00006f          	j	a0 <_einit>
   4:	00000000          	.word	0x00000000
   8:	0000011c          	.word	0x0000011c
   c:	0000011a          	.word	0x0000011a
	...
  30:	0000011a          	.word	0x0000011a
  34:	00000000          	.word	0x00000000
  38:	0000011a          	.word	0x0000011a
  3c:	00000000          	.word	0x00000000
  40:	0000011a          	.word	0x0000011a
  44:	0000011a          	.word	0x0000011a
  48:	0000011a          	.word	0x0000011a
  4c:	0000011a          	.word	0x0000011a
  50:	000003c0          	.word	0x000003c0
  54:	0000011a          	.word	0x0000011a
  58:	0000011a          	.word	0x0000011a
  5c:	0000011a          	.word	0x0000011a
  60:	0000011a          	.word	0x0000011a
  64:	0000011a          	.word	0x0000011a
  68:	0000011a          	.word	0x0000011a
  6c:	0000011a          	.word	0x0000011a
  70:	0000011a          	.word	0x0000011a
  74:	0000011a          	.word	0x0000011a
  78:	0000011a          	.word	0x0000011a
  7c:	0000011a          	.word	0x0000011a
  80:	0000011a          	.word	0x0000011a
  84:	0000011a          	.word	0x0000011a
  88:	0000011a          	.word	0x0000011a
  8c:	0000011a          	.word	0x0000011a
  90:	0000011a          	.word	0x0000011a
  94:	0000011a          	.word	0x0000011a
  98:	0000011a          	.word	0x0000011a
  9c:	0000                	.insn	2, 0x
	...

Disassembly of section .text:

000000a0 <handle_reset>:
  a0:	20000197          	auipc	gp,0x20000
  a4:	76018193          	addi	gp,gp,1888 # 20000800 <__global_pointer$>
  a8:	00018113          	mv	sp,gp
  ac:	08000513          	li	a0,128
  b0:	30051073          	csrw	mstatus,a0
  b4:	468d                	li	a3,3
  b6:	00000517          	auipc	a0,0x0
  ba:	f4a50513          	addi	a0,a0,-182 # 0 <InterruptVector>
  be:	8d55                	or	a0,a0,a3
  c0:	30551073          	csrw	mtvec,a0
  c4:	20000517          	auipc	a0,0x20000
  c8:	f3c50513          	addi	a0,a0,-196 # 20000000 <consumer_data.0>
  cc:	86818593          	addi	a1,gp,-1944 # 20000068 <_ebss>
  d0:	4601                	li	a2,0
  d2:	00b55663          	bge	a0,a1,de <handle_reset+0x3e>
  d6:	c110                	sw	a2,0(a0)
  d8:	0511                	addi	a0,a0,4
  da:	feb54ee3          	blt	a0,a1,d6 <handle_reset+0x36>
  de:	00000517          	auipc	a0,0x0
  e2:	7e650513          	addi	a0,a0,2022 # 8c4 <_data_lma>
  e6:	20000597          	auipc	a1,0x20000
  ea:	f1a58593          	addi	a1,a1,-230 # 20000000 <consumer_data.0>
  ee:	20000617          	auipc	a2,0x20000
  f2:	f1260613          	addi	a2,a2,-238 # 20000000 <consumer_data.0>
  f6:	00c58863          	beq	a1,a2,106 <handle_reset+0x66>
  fa:	4114                	lw	a3,0(a0)
  fc:	c194                	sw	a3,0(a1)
  fe:	0511                	addi	a0,a0,4
 100:	0591                	addi	a1,a1,4
 102:	fec59ae3          	bne	a1,a2,f6 <handle_reset+0x56>
 106:	e000f7b7          	lui	a5,0xe000f
 10a:	4715                	li	a4,5
 10c:	c398                	sw	a4,0(a5)
 10e:	18c00793          	li	a5,396
 112:	34179073          	csrw	mepc,a5
 116:	30200073          	mret

0000011a <ADC1_IRQHandler>:
 11a:	a001                	j	11a <ADC1_IRQHandler>

0000011c <NMI_Handler>:
 11c:	40021737          	lui	a4,0x40021
 120:	471c                	lw	a5,8(a4)
 122:	008006b7          	lui	a3,0x800
 126:	8fd5                	or	a5,a5,a3
 128:	c71c                	sw	a5,8(a4)

0000012a <SystemInit>:
 12a:	400217b7          	lui	a5,0x40021
 12e:	01080737          	lui	a4,0x1080
 132:	0007a223          	sw	zero,4(a5) # 40021004 <__global_pointer$+0x20020804>
 136:	08170713          	addi	a4,a4,129 # 1080081 <rv003usb.c.65132db1+0x107dd9a>
 13a:	c398                	sw	a4,0(a5)
 13c:	4685                	li	a3,1
 13e:	40022737          	lui	a4,0x40022
 142:	c314                	sw	a3,0(a4)
 144:	009f0737          	lui	a4,0x9f0
 148:	c798                	sw	a4,8(a5)
 14a:	40021737          	lui	a4,0x40021
 14e:	431c                	lw	a5,0(a4)
 150:	00679693          	slli	a3,a5,0x6
 154:	fe06dde3          	bgez	a3,14e <SystemInit+0x24>
 158:	435c                	lw	a5,4(a4)
 15a:	400216b7          	lui	a3,0x40021
 15e:	9bf1                	andi	a5,a5,-4
 160:	0027e793          	ori	a5,a5,2
 164:	c35c                	sw	a5,4(a4)
 166:	4721                	li	a4,8
 168:	42dc                	lw	a5,4(a3)
 16a:	8bb1                	andi	a5,a5,12
 16c:	fee79ee3          	bne	a5,a4,168 <SystemInit+0x3e>
 170:	e00007b7          	lui	a5,0xe0000
 174:	0f878793          	addi	a5,a5,248 # e00000f8 <__global_pointer$+0xbffff8f8>
 178:	0007a023          	sw	zero,0(a5)
 17c:	e00007b7          	lui	a5,0xe0000
 180:	0f478793          	addi	a5,a5,244 # e00000f4 <__global_pointer$+0xbffff8f4>
 184:	08000713          	li	a4,128
 188:	c398                	sw	a4,0(a5)
 18a:	8082                	ret

0000018c <main>:

uint32_t  timer = 0;
#define DEBOUNCE_TIME 50 // Debounce time in milliseconds

int main()
{
 18c:	1151                	addi	sp,sp,-12
 18e:	c406                	sw	ra,8(sp)
	SystemInit();
 190:	3f69                	jal	12a <SystemInit>
#endif

void DelaySysTick( uint32_t n )
{
#ifdef CH32V003
	uint32_t targend = SysTick->CNT + n;
 192:	e000f7b7          	lui	a5,0xe000f
 196:	4798                	lw	a4,8(a5)
 198:	67b1                	lui	a5,0xc
 19a:	b8078793          	addi	a5,a5,-1152 # bb80 <rv003usb.c.65132db1+0x9899>
 19e:	973e                	add	a4,a4,a5
	while( ((int32_t)( SysTick->CNT - targend )) < 0 );
 1a0:	e000f6b7          	lui	a3,0xe000f
 1a4:	469c                	lw	a5,8(a3)
 1a6:	8f99                	sub	a5,a5,a4
 1a8:	fe07cee3          	bltz	a5,1a4 <main+0x18>
#define LOCAL_CONCAT(A, B) A##B
#define LOCAL_EXP(A, B) LOCAL_CONCAT(A,B)

void usb_setup()
{
	rv003usb_internal_data.se0_windup = 0;
 1ac:	200007b7          	lui	a5,0x20000
 1b0:	0207a223          	sw	zero,36(a5) # 20000024 <rv003usb_internal_data+0x18>

	// Enable GPIOs, TIMERs
	RCC->APB2PCENR |= LOCAL_EXP( RCC_APB2Periph_GPIO, USB_PORT ) | RCC_APB2Periph_AFIO;
 1b4:	400216b7          	lui	a3,0x40021
 1b8:	4e9c                	lw	a5,24(a3)
	}
#endif

	// GPIO Setup
	LOCAL_EXP( GPIO, USB_PORT )->CFGLR = 
		( LOCAL_EXP( GPIO, USB_PORT )->CFGLR & 
 1ba:	fff00637          	lui	a2,0xfff00
 1be:	0ff60613          	addi	a2,a2,255 # fff000ff <__global_pointer$+0xdfeff8ff>
	RCC->APB2PCENR |= LOCAL_EXP( RCC_APB2Periph_GPIO, USB_PORT ) | RCC_APB2Periph_AFIO;
 1c2:	0217e793          	ori	a5,a5,33
 1c6:	ce9c                	sw	a5,24(a3)
		( LOCAL_EXP( GPIO, USB_PORT )->CFGLR & 
 1c8:	400117b7          	lui	a5,0x40011
 1cc:	40078793          	addi	a5,a5,1024 # 40011400 <__global_pointer$+0x20010c00>
 1d0:	4398                	lw	a4,0(a5)
 1d2:	8f71                	and	a4,a4,a2
			) )) )
		 |
#ifdef USB_PIN_DPU
		(GPIO_Speed_50MHz | GPIO_CNF_OUT_PP)<<(4*USB_PIN_DPU) |
#endif
		(GPIO_Speed_In | GPIO_CNF_IN_PUPD)<<(4*USB_PIN_DP) | 
 1d4:	00039637          	lui	a2,0x39
 1d8:	80060613          	addi	a2,a2,-2048 # 38800 <rv003usb.c.65132db1+0x36519>
 1dc:	8f51                	or	a4,a4,a2
	LOCAL_EXP( GPIO, USB_PORT )->CFGLR = 
 1de:	c398                	sw	a4,0(a5)
		(GPIO_Speed_In | GPIO_CNF_IN_PUPD)<<(4*USB_PIN_DM);

	// Configure USB_PIN_DM (D-) as an interrupt on falling edge.
	AFIO->EXTICR = LOCAL_EXP(GPIO_PortSourceGPIO,USB_PORT)<<(USB_PIN_DM*2); // Configure EXTI interrupt for USB_PIN_DM
 1e0:	0c000613          	li	a2,192
 1e4:	40010737          	lui	a4,0x40010
 1e8:	c710                	sw	a2,8(a4)
	EXTI->INTENR = 1<<USB_PIN_DM; // Enable EXTI interrupt
 1ea:	40070713          	addi	a4,a4,1024 # 40010400 <__global_pointer$+0x2000fc00>
 1ee:	4621                	li	a2,8
 1f0:	c310                	sw	a2,0(a4)
	EXTI->FTENR = 1<<USB_PIN_DM;  // Enable falling edge trigger for USB_PIN_DM (D-)
 1f2:	c750                	sw	a2,12(a4)

#ifdef USB_PIN_DPU
	// This drives USB_PIN_DPU (D- Pull-Up) high, which will tell the host that we are going on-bus.
	LOCAL_EXP(GPIO,USB_PORT)->BSHR = 1<<USB_PIN_DPU;
 1f4:	4741                	li	a4,16
 1f6:	cb98                	sw	a4,16(a5)
 *
 * @return  none
 */
RV_STATIC_INLINE void NVIC_EnableIRQ(IRQn_Type IRQn)
{
  NVIC->IENR[((uint32_t)(IRQn) >> 5)] = (1 << ((uint32_t)(IRQn) & 0x1F));
 1f8:	00100637          	lui	a2,0x100
 1fc:	e000e737          	lui	a4,0xe000e
 200:	10c72023          	sw	a2,256(a4) # e000e100 <__global_pointer$+0xc000d900>
	Delay_Ms(1); // Ensures USB re-enumeration after bootloader or reset; Spec demand >2.5µs ( TDDIS )
	usb_setup();

   funGpioInitAll();
 204:	4e98                	lw	a4,24(a3)
 206:	03576713          	ori	a4,a4,53
 20a:	ce98                	sw	a4,24(a3)
   funPinMode( PD5, GPIO_CFGLR_IN_PUPD);
 20c:	4398                	lw	a4,0(a5)
 20e:	ff1006b7          	lui	a3,0xff100
 212:	16fd                	addi	a3,a3,-1 # ff0fffff <__global_pointer$+0xdf0ff7ff>
 214:	8f75                	and	a4,a4,a3
 216:	008006b7          	lui	a3,0x800
 21a:	8f55                	or	a4,a4,a3
 21c:	c398                	sw	a4,0(a5)
   funDigitalWrite( PD5, true);
 21e:	02000713          	li	a4,32
 222:	cb98                	sw	a4,16(a5)
   funPinMode( PD6, GPIO_CFGLR_IN_PUPD);
 224:	4398                	lw	a4,0(a5)
 226:	f10006b7          	lui	a3,0xf1000
 22a:	16fd                	addi	a3,a3,-1 # f0ffffff <__global_pointer$+0xd0fff7ff>
 22c:	8f75                	and	a4,a4,a3
 22e:	080006b7          	lui	a3,0x8000
 232:	8f55                	or	a4,a4,a3
 234:	c398                	sw	a4,0(a5)
   funDigitalWrite( PD6, true);
 236:	04000713          	li	a4,64
 23a:	cb98                	sw	a4,16(a5)
   funPinMode( PD7, GPIO_CFGLR_IN_PUPD);
 23c:	4398                	lw	a4,0(a5)
 23e:	800006b7          	lui	a3,0x80000
 242:	0712                	slli	a4,a4,0x4
 244:	8311                	srli	a4,a4,0x4
 246:	8f55                	or	a4,a4,a3
 248:	c398                	sw	a4,0(a5)
   funDigitalWrite( PD7, true);
 24a:	08000713          	li	a4,128
 24e:	cb98                	sw	a4,16(a5)
   funPinMode( PA1, GPIO_CFGLR_IN_PUPD);
 250:	400117b7          	lui	a5,0x40011
 254:	80078793          	addi	a5,a5,-2048 # 40010800 <__global_pointer$+0x20010000>
 258:	4398                	lw	a4,0(a5)
 25a:	f0f77713          	andi	a4,a4,-241
 25e:	08076713          	ori	a4,a4,128
 262:	c398                	sw	a4,0(a5)
   funDigitalWrite( PA1, true);
 264:	4709                	li	a4,2
 266:	cb98                	sw	a4,16(a5)
	while(1);
 268:	a001                	j	268 <main+0xdc>

0000026a <usb_pid_handle_in>:
	ist->current_endpoint = endp;
	struct usb_endpoint * e = &ist->eps[endp];

	int tosend = 0;
	uint8_t * sendnow;
	int sendtok = e->toggle_in?0b01001011:0b11000011;
 26a:	00561793          	slli	a5,a2,0x5
 26e:	00f706b3          	add	a3,a4,a5
	ist->current_endpoint = endp;
 272:	c310                	sw	a2,0(a4)
	int sendtok = e->toggle_in?0b01001011:0b11000011;
 274:	528c                	lw	a1,32(a3)
 276:	0c300693          	li	a3,195
 27a:	c199                	beqz	a1,280 <usb_pid_handle_in+0x16>
 27c:	04b00693          	li	a3,75

#if RV003USB_HANDLE_IN_REQUEST
	if( e->custom || endp )
 280:	97ba                	add	a5,a5,a4
 282:	579c                	lw	a5,40(a5)
 284:	8fd1                	or	a5,a5,a2
 286:	c3d1                	beqz	a5,30a <usb_pid_handle_in+0xa0>

void usb_handle_user_in_request( struct usb_endpoint * e, uint8_t * scratchpad, int endp, uint32_t sendtok, struct rv003usb_internal * ist )
{
    static uint32_t lastTimer = 0;

	if (endp ==1) {
 288:	4785                	li	a5,1
 28a:	08f61763          	bne	a2,a5,318 <usb_pid_handle_in+0xae>
		

		// Modify consumer_data array to represent consumer control data
		// For example, to adjust volume, you would change the second byte (0x00) to represent the volume level
		
      if(!funDigitalRead(PD5)){
 28e:	40011737          	lui	a4,0x40011
 292:	40070713          	addi	a4,a4,1024 # 40011400 <__global_pointer$+0x20010c00>
 296:	470c                	lw	a1,8(a4)
 298:	200007b7          	lui	a5,0x20000
 29c:	0205f593          	andi	a1,a1,32
 2a0:	e595                	bnez	a1,2cc <usb_pid_handle_in+0x62>
			if( timer - lastTimer > DEBOUNCE_TIME){
 2a2:	200005b7          	lui	a1,0x20000
 2a6:	8081a503          	lw	a0,-2040(gp) # 20000008 <timer>
 2aa:	0045a703          	lw	a4,4(a1) # 20000004 <lastTimer.1>
 2ae:	03200313          	li	t1,50
 2b2:	40e50733          	sub	a4,a0,a4
 2b6:	00e37663          	bgeu	t1,a4,2c2 <usb_pid_handle_in+0x58>
				lastTimer = timer;
 2ba:	00a5a223          	sw	a0,4(a1)
				consumer_data[0] = 0x01;
 2be:	00c78023          	sb	a2,0(a5) # 20000000 <consumer_data.0>
			timer++;

		}
	
		// Send consumer data
		usb_send_data(consumer_data, sizeof(consumer_data), 0, sendtok);
 2c2:	4601                	li	a2,0
 2c4:	4585                	li	a1,1
 2c6:	00078513          	mv	a0,a5
	{
		usb_send_empty( sendtok );
	}
	else
	{
		usb_send_data( sendnow, tosend, 0, sendtok );
 2ca:	a6c1                	j	68a <usb_send_data>
      else if(!funDigitalRead(PD6)){// && lastTimer - timer > DEBOUNCE_TIME){
 2cc:	4710                	lw	a2,8(a4)
 2ce:	04067613          	andi	a2,a2,64
 2d2:	e609                	bnez	a2,2dc <usb_pid_handle_in+0x72>
         consumer_data[0] = 0x02;
 2d4:	4709                	li	a4,2
         consumer_data[0] = 0x04;
 2d6:	00e78023          	sb	a4,0(a5)
 2da:	b7e5                	j	2c2 <usb_pid_handle_in+0x58>
      else if(!funDigitalRead(PD7)){ //&& lastTimer - timer > DEBOUNCE_TIME){
 2dc:	4718                	lw	a4,8(a4)
 2de:	08077713          	andi	a4,a4,128
 2e2:	e319                	bnez	a4,2e8 <usb_pid_handle_in+0x7e>
         consumer_data[0] = 0x04;
 2e4:	4711                	li	a4,4
 2e6:	bfc5                	j	2d6 <usb_pid_handle_in+0x6c>
      else if(!funDigitalRead(PA1) ){//&& lastTimer - timer > DEBOUNCE_TIME){
 2e8:	40011737          	lui	a4,0x40011
 2ec:	80070713          	addi	a4,a4,-2048 # 40010800 <__global_pointer$+0x20010000>
 2f0:	4718                	lw	a4,8(a4)
 2f2:	8b09                	andi	a4,a4,2
 2f4:	e319                	bnez	a4,2fa <usb_pid_handle_in+0x90>
         consumer_data[0] = 0x08;
 2f6:	4721                	li	a4,8
 2f8:	bff9                	j	2d6 <usb_pid_handle_in+0x6c>
			timer++;
 2fa:	8081a703          	lw	a4,-2040(gp) # 20000008 <timer>
			consumer_data[0] = 0x00;
 2fe:	00078023          	sb	zero,0(a5)
			timer++;
 302:	0705                	addi	a4,a4,1
 304:	80e1a423          	sw	a4,-2040(gp) # 20000008 <timer>
 308:	bf6d                	j	2c2 <usb_pid_handle_in+0x58>
	int offset = (e->count)<<3;
 30a:	4f5c                	lw	a5,28(a4)
	tosend = (int)e->max_len - offset;
 30c:	574c                	lw	a1,44(a4)
	uint8_t * tsend = e->opaque;
 30e:	5f08                	lw	a0,56(a4)
	int offset = (e->count)<<3;
 310:	078e                	slli	a5,a5,0x3
	tosend = (int)e->max_len - offset;
 312:	8d9d                	sub	a1,a1,a5
	if( tosend <= 0 )
 314:	00b04463          	bgtz	a1,31c <usb_pid_handle_in+0xb2>
		usb_send_empty( sendtok );
 318:	8536                	mv	a0,a3
 31a:	a68d                	j	67c <usb_send_empty>
	if( tosend > ENDPOINT0_SIZE ) tosend = ENDPOINT0_SIZE;
 31c:	4721                	li	a4,8
 31e:	00b75363          	bge	a4,a1,324 <usb_pid_handle_in+0xba>
 322:	45a1                	li	a1,8
		usb_send_data( sendnow, tosend, 0, sendtok );
 324:	4601                	li	a2,0
 326:	953e                	add	a0,a0,a5
 328:	b74d                	j	2ca <usb_pid_handle_in+0x60>

0000032a <usb_pid_handle_data>:
}

void usb_pid_handle_data( uint32_t this_token, uint8_t * data, uint32_t which_data, uint32_t length, struct rv003usb_internal * ist )
{
	//Received data from host.
	int epno = ist->current_endpoint;
 32a:	431c                	lw	a5,0(a4)

	length -= 3;
	uint8_t * data_in = __builtin_assume_aligned( data, 4 );

	// Alrady received this packet.
	if( e->toggle_out != which_data )
 32c:	0796                	slli	a5,a5,0x5
 32e:	97ba                	add	a5,a5,a4
 330:	53d4                	lw	a3,36(a5)
 332:	06c69a63          	bne	a3,a2,3a6 <usb_pid_handle_data+0x7c>
	{
		goto just_ack;
	}

	e->toggle_out = !e->toggle_out;
 336:	0016b693          	seqz	a3,a3
 33a:	d3d4                	sw	a3,36(a5)
#endif
	}
	else
#endif

	if( ist->setup_request )
 33c:	4714                	lw	a3,8(a4)
 33e:	c6a5                	beqz	a3,3a6 <usb_pid_handle_data+0x7c>
		}
#endif

		struct usb_urb * s = __builtin_assume_aligned( (struct usb_urb *)(data_in), 4 );

		uint32_t wvi = s->lValueLSBIndexMSB;
 340:	0045d683          	lhu	a3,4(a1)
 344:	0025d603          	lhu	a2,2(a1)
		uint32_t wLength = s->wLength;
 348:	0065d503          	lhu	a0,6(a1)
		uint32_t wvi = s->lValueLSBIndexMSB;
 34c:	06c2                	slli	a3,a3,0x10
 34e:	8ed1                	or	a3,a3,a2
		//int bRequest = s->wRequestTypeLSBRequestMSB >> 8;

		// We shift down because we don't care if USB_RECIP_INTERFACE is set or not.
		// Otherwise we have to write extra code to handle each case if it's set or
		// not set, but in general, there's never a situation where we realy care.
		uint32_t reqShl = s->wRequestTypeLSBRequestMSB >> 1;
 350:	0005d603          	lhu	a2,0(a1)
		e->count = 0;
 354:	0007ae23          	sw	zero,28(a5)
		e->opaque = 0;
 358:	0207ac23          	sw	zero,56(a5)
		e->custom = 0;
 35c:	0207a423          	sw	zero,40(a5)
		e->max_len = 0;
 360:	0207a623          	sw	zero,44(a5)
		ist->setup_request = 0;
 364:	00072423          	sw	zero,8(a4)
		uint32_t reqShl = s->wRequestTypeLSBRequestMSB >> 1;
 368:	8205                	srli	a2,a2,0x1
			// Class request (Will be writing)  This is hid_send_feature_report
			usb_handle_hid_set_report_start( e, wLength, wvi );
		}
		else
#endif
		if( reqShl == (0x0680>>1) ) // GET_DESCRIPTOR = 6 (msb)
 36a:	34000593          	li	a1,832
 36e:	04b61263          	bne	a2,a1,3b2 <usb_pid_handle_data+0x88>
 372:	6705                	lui	a4,0x1
 374:	86470713          	addi	a4,a4,-1948 # 864 <descriptor_list>
 378:	06070593          	addi	a1,a4,96
				if( dl->lIndexValue == wvi )
				{
					e->opaque = (uint8_t*)dl->addr;
					uint16_t swLen = wLength;
					uint16_t elLen = dl->length;
					e->max_len = (swLen < elLen)?swLen:elLen;
 37c:	832a                	mv	t1,a0
				if( dl->lIndexValue == wvi )
 37e:	4310                	lw	a2,0(a4)
 380:	02d61063          	bne	a2,a3,3a0 <usb_pid_handle_data+0x76>
					e->opaque = (uint8_t*)dl->addr;
 384:	4350                	lw	a2,4(a4)
 386:	df90                	sw	a2,56(a5)
					uint16_t elLen = dl->length;
 388:	00874603          	lbu	a2,8(a4)
					e->max_len = (swLen < elLen)?swLen:elLen;
 38c:	01061293          	slli	t0,a2,0x10
 390:	0102d293          	srli	t0,t0,0x10
 394:	00557363          	bgeu	a0,t0,39a <usb_pid_handle_data+0x70>
 398:	861a                	mv	a2,t1
 39a:	0642                	slli	a2,a2,0x10
 39c:	8241                	srli	a2,a2,0x10
 39e:	d7d0                	sw	a2,44(a5)
			for( i = 0; i < DESCRIPTOR_LIST_ENTRIES; i++ )
 3a0:	0731                	addi	a4,a4,12
 3a2:	fcb71ee3          	bne	a4,a1,37e <usb_pid_handle_data+0x54>
		}
	}
just_ack:
	{
		//Got the right data.  Acknowledge.
		usb_send_data( 0, 0, 2, 0xD2 ); // Send ACK
 3a6:	0d200693          	li	a3,210
 3aa:	4609                	li	a2,2
 3ac:	4581                	li	a1,0
 3ae:	4501                	li	a0,0
 3b0:	ace9                	j	68a <usb_send_data>
		else if( reqShl == (0x0500>>1) ) // SET_ADDRESS = 0x05
 3b2:	28000793          	li	a5,640
 3b6:	fef618e3          	bne	a2,a5,3a6 <usb_pid_handle_data+0x7c>
			ist->my_address = wvi;
 3ba:	c354                	sw	a3,4(a4)
 3bc:	b7ed                	j	3a6 <usb_pid_handle_data+0x7c>
	...

000003c0 <EXTI7_0_IRQHandler>:

.section .text.vector_handler
.global EXTI7_0_IRQHandler
.balign 4
EXTI7_0_IRQHandler:
	addi	sp,sp,-80
 3c0:	715d                	addi	sp,sp,-80
	sw	a0, 0(sp)
 3c2:	c02a                	sw	a0,0(sp)
	sw	a5, 20(sp)
 3c4:	ca3e                	sw	a5,20(sp)
	la a5, USB_GPIO_BASE
 3c6:	400117b7          	lui	a5,0x40011
 3ca:	40078793          	addi	a5,a5,1024 # 40011400 <__global_pointer$+0x20010c00>
	c.lw a0, INDR_OFFSET(a5) // MUST check SE0 immediately.
 3ce:	4788                	lw	a0,8(a5)
	c.andi a0, USB_DMASK
 3d0:	8931                	andi	a0,a0,12

	sw	a1, 4(sp)
 3d2:	c22e                	sw	a1,4(sp)
	sw	a2, 8(sp)
 3d4:	c432                	sw	a2,8(sp)
	sw	a3, 12(sp)
 3d6:	c636                	sw	a3,12(sp)
	sw	a4, 16(sp)
 3d8:	c83a                	sw	a4,16(sp)
	sw	s1, 28(sp)
 3da:	ce26                	sw	s1,28(sp)

	SAVE_DEBUG_MARKER( 48 );
 3dc:	d812                	sw	tp,48(sp)
	DEBUG_TICK_SETUP
 3de:	40013237          	lui	tp,0x40013
 3e2:	c5820213          	addi	tp,tp,-936 # 40012c58 <__global_pointer$+0x20012458>
	c.lw a1, INDR_OFFSET(a5)
 3e6:	478c                	lw	a1,8(a5)
	c.andi a1, USB_DMASK;
 3e8:	89b1                	andi	a1,a1,12

	// Finish jump to se0
	c.beqz a0, handle_se0_keepalive
 3ea:	22050963          	beqz	a0,61c <handle_se0_keepalive>

	c.lw a0, INDR_OFFSET(a5); c.andi a0, USB_DMASK; bne a0, a1, syncout
 3ee:	4788                	lw	a0,8(a5)
 3f0:	8931                	andi	a0,a0,12
 3f2:	02b51b63          	bne	a0,a1,428 <syncout>
	c.lw a0, INDR_OFFSET(a5); c.andi a0, USB_DMASK; bne a0, a1, syncout
 3f6:	4788                	lw	a0,8(a5)
 3f8:	8931                	andi	a0,a0,12
 3fa:	02b51763          	bne	a0,a1,428 <syncout>
	c.lw a0, INDR_OFFSET(a5); c.andi a0, USB_DMASK; bne a0, a1, syncout
 3fe:	4788                	lw	a0,8(a5)
 400:	8931                	andi	a0,a0,12
 402:	02b51363          	bne	a0,a1,428 <syncout>
	c.lw a0, INDR_OFFSET(a5); c.andi a0, USB_DMASK; bne a0, a1, syncout
 406:	4788                	lw	a0,8(a5)
 408:	8931                	andi	a0,a0,12
 40a:	00b51f63          	bne	a0,a1,428 <syncout>
	c.lw a0, INDR_OFFSET(a5); c.andi a0, USB_DMASK; bne a0, a1, syncout
 40e:	4788                	lw	a0,8(a5)
 410:	8931                	andi	a0,a0,12
 412:	00b51b63          	bne	a0,a1,428 <syncout>
	c.lw a0, INDR_OFFSET(a5); c.andi a0, USB_DMASK; bne a0, a1, syncout
 416:	4788                	lw	a0,8(a5)
 418:	8931                	andi	a0,a0,12
 41a:	00b51763          	bne	a0,a1,428 <syncout>
	c.lw a0, INDR_OFFSET(a5); c.andi a0, USB_DMASK; bne a0, a1, syncout
 41e:	4788                	lw	a0,8(a5)
 420:	8931                	andi	a0,a0,12
 422:	00b51363          	bne	a0,a1,428 <syncout>
	c.j syncout
 426:	a009                	j	428 <syncout>

00000428 <syncout>:
syncout:
	sw	s0, 24(sp)
 428:	cc22                	sw	s0,24(sp)
	li a2, 0
 42a:	4601                	li	a2,0
	sw	t0, 32(sp)  // XXX NOTE: This is actually unused register - remove some day?
 42c:	d016                	sw	t0,32(sp)
	sw	t1, 36(sp)
 42e:	d21a                	sw	t1,36(sp)

00000430 <preamble_loop>:
	
	// This is actually somewhat late.
	// The preamble loop should try to make it earlier.
.balign 4
preamble_loop:
	DEBUG_TICK_MARK
 430:	00022023          	sw	zero,0(tp) # 0 <InterruptVector>
	c.lw a0, INDR_OFFSET(a5);
 434:	4788                	lw	a0,8(a5)
	c.andi a0, USB_DMASK;
 436:	8931                	andi	a0,a0,12
	c.beqz a0, done_usb_message // SE0 here?
 438:	18050163          	beqz	a0,5ba <done_usb_message>
	c.xor a0, a1;
 43c:	8d2d                	xor	a0,a0,a1
	c.xor a1, a0; // Recover a1.
 43e:	8da9                	xor	a1,a1,a0
	j 1f; 1: // 4 cycles?
 440:	a009                	j	442 <preamble_loop+0x12>
	c.beqz a0, done_preamble
 442:	c909                	beqz	a0,454 <done_preamble>
	j 1f; 1: // 4 cycles?
 444:	a009                	j	446 <preamble_loop+0x16>
	c.lw s0, INDR_OFFSET(a5);
 446:	4780                	lw	s0,8(a5)
	c.andi s0, USB_DMASK;
 448:	8831                	andi	s0,s0,12
	c.xor s0, a1
 44a:	8c2d                	xor	s0,s0,a1

	// TRICKY: This helps retime the USB sync.
	// If s0 is nonzero, then it's changed (we're going too slow)
	c.bnez s0, 2f;  // This code takes 6 cycles or 8 cycles, depending.
 44c:	e011                	bnez	s0,450 <preamble_loop+0x20>
	c.j 1f; 1:
 44e:	a009                	j	450 <preamble_loop+0x20>
	2:
	j preamble_loop // 4 cycles
 450:	b7c5                	j	430 <preamble_loop>
 452:	0001                	nop

00000454 <done_preamble>:
.balign 4
done_preamble:
	sw  t2, 40(sp)
 454:	d41e                	sw	t2,40(sp)
	sw  ra, 52(sp)
 456:	da06                	sw	ra,52(sp)
	// 16-byte temporary buffer at 56+sp

	// XXX TODO: Do one byte here to determine the header byte and from that set the CRC.
	c.li s1, 8
 458:	44a1                	li	s1,8

	// This is the first bit that matters.
	c.li s0, 6 // 1 runs.
 45a:	4419                	li	s0,6

	c.nop; 
 45c:	0001                	nop
 45e:	0001                	nop

00000460 <packet_type_loop>:
packet_type_loop:
	// Up here to delay loop a tad, and we need to execute them anyway.
	// TODO: Maybe we could further sync bits here instead of take up time?
	// I.e. can we do what we're doing above, here, and take less time, but sync
	// up when possible.
	li a3, 0xffff // Starting CRC of 0.   Because USB doesn't respect reverse CRCing.
 460:	66c1                	lui	a3,0x10
 462:	16fd                	addi	a3,a3,-1 # ffff <rv003usb.c.65132db1+0xdd18>
	li a4, 0xa001
 464:	6729                	lui	a4,0xa
 466:	0705                	addi	a4,a4,1 # a001 <rv003usb.c.65132db1+0x7d1a>
	addi  t2, sp, DATA_PTR_OFFSET //rv003usb_internal_data
 468:	03f10393          	addi	t2,sp,63
	la  t0, 0x80
 46c:	08000293          	li	t0,128
	c.nop
 470:	0001                	nop
 472:	0001                	nop

	DEBUG_TICK_MARK
 474:	00022023          	sw	zero,0(tp) # 0 <InterruptVector>
	c.lw a0, INDR_OFFSET(a5);
 478:	4788                	lw	a0,8(a5)
	c.andi a0, USB_DMASK;
 47a:	8931                	andi	a0,a0,12
	c.beqz a0, done_usb_message // Not se0 complete, that can't happen here and be valid.
 47c:	12050f63          	beqz	a0,5ba <done_usb_message>
	c.xor a0, a1;
 480:	8d2d                	xor	a0,a0,a1
	c.xor a1, a0; // Recover a1, for next cycle
 482:	8da9                	xor	a1,a1,a0

	// No CRC for the header.
	//c.srli a0, USB_PIN_DP
	//c.addi a0, 1 // 00 -> 1, 11 -> 100
	//c.andi a0, 1 // If 1, 1 if 0, 0
        c.nop
 484:	0001                	nop
        seqz a0, a0
 486:	00153513          	seqz	a0,a0

	// Write header into byte in reverse order, because we can.
	c.slli a2, 1
 48a:	0606                	slli	a2,a2,0x1
	c.or a2, a0
 48c:	8e49                	or	a2,a2,a0

	// Handle bit stuffing rules.
	c.addi a0, -1 // 0->0xffffffff 1->0
 48e:	157d                	addi	a0,a0,-1
	c.or s0, a0
 490:	8c49                	or	s0,s0,a0
	c.andi s0, 7
 492:	881d                	andi	s0,s0,7
	c.addi s0, -1
 494:	147d                	addi	s0,s0,-1
	c.addi s1, -1
 496:	14fd                	addi	s1,s1,-1
	c.bnez s1, packet_type_loop
 498:	f4e1                	bnez	s1,460 <packet_type_loop>
///////////////////////////////////////////////////////////////////////////////////////
///////////////////////////////////////////////////////////////////////////////////////	

	// XXX Here, figure out CRC polynomial.

	li s1, (USB_BUFFER_SIZE*8) // # of bits we culd read.
 49a:	06000493          	li	s1,96
	//
	// When we get here, packet type is loaded in A2.
	// If packet type is 0xXX01 or 0xXX11
	// the LSBs are the inverted packet type.
	// we can branch off of bit 2.
	andi a0, a2, 0x0c
 49e:	00c67513          	andi	a0,a2,12

	// if a0 is 1 then it's DATA (full CRC) otheriwse,
	// (0) for setup or PARTIAL CRC.
	// Careful:  This has to take a constant amount of time either way the branch goes.
	c.beqz a0, data_crc
 4a2:	c509                	beqz	a0,4ac <data_crc>
	c.li a4, 0x14	
 4a4:	4751                	li	a4,20
	c.li a3, 0x1e
 4a6:	46f9                	li	a3,30
 4a8:	00000013          	.word	0x00000013

000004ac <data_crc>:

///////////////////////////////////////////////////////////////////////////////////////
///////////////////////////////////////////////////////////////////////////////////////	
.balign 4
is_end_of_byte:
	HANDLE_EOB_YES
 4ac:	00c38023          	sb	a2,0(t2)
 4b0:	00138393          	.word	0x00138393

000004b4 <bit_process>:
	// end-of-byte.
.balign 4
bit_process:
	// Debug blip
//	c.lw a4, INDR_OFFSET(a5);
	DEBUG_TICK_MARK
 4b4:	00022023          	sw	zero,0(tp) # 0 <InterruptVector>
	c.lw a0, INDR_OFFSET(a5);
 4b8:	4788                	lw	a0,8(a5)
	c.andi a0, USB_DMASK;
 4ba:	8931                	andi	a0,a0,12
	c.xor a0, a1;
 4bc:	8d2d                	xor	a0,a0,a1
#define HANDLE_NEXT_BYTE(is_end_of_byte, jumptype)  \
	c.addi s1, -1; \
	andi a0, s1, 7; /* s1 could be really really big */ \
	c.jumptype a0, is_end_of_byte /* 4 cycles for this section. (Checked) (Sometimes 5)? */ 

	c.beqz a0, handle_one_bit
 4be:	c50d                	beqz	a0,4e8 <handle_one_bit>

000004c0 <handle_zero_bit>:
handle_zero_bit:
	c.xor a1, a0; // Recover a1, for next cycle
 4c0:	8da9                	xor	a1,a1,a0
	// TODO: Do we have time to do time fixup here?
	// Can we resync time here?
	// If they are different, we need to sloowwww dowwwnnn
	// There is some free time.  Could do something interesting here!!!
	// I was thinking we could put the resync code here.
	c.j 1f; 1:  //Delay 4 cycles.
 4c2:	a009                	j	4c4 <handle_zero_bit+0x4>

	c.li s0, 6      // reset runs-of-one.
 4c4:	4419                	li	s0,6
	c.beqz a1, se0_complete
 4c6:	c9bd                	beqz	a1,53c <se0_complete>

	// Handle CRC (0 bit)  (From @Domkeykong)
	slli a0,a3,31 // Put a3s LSB into a0s MSB
 4c8:	01f69513          	slli	a0,a3,0x1f
	c.srai a0,31    // Copy MSB into all other bits
 4cc:	857d                	srai	a0,a0,0x1f
	c.srli a3,1
 4ce:	8285                	srli	a3,a3,0x1
	c.and  a0, a4
 4d0:	8d79                	and	a0,a0,a4
	c.xor  a3, a0
 4d2:	8ea9                	xor	a3,a3,a0

	c.srli a2, 1;  // shift a2 down by 1
 4d4:	8205                	srli	a2,a2,0x1
	HANDLE_NEXT_BYTE(is_end_of_byte, beqz)
 4d6:	14fd                	addi	s1,s1,-1
 4d8:	0074f513          	andi	a0,s1,7
 4dc:	d961                	beqz	a0,4ac <data_crc>
	c.nop
 4de:	0001                	nop
	c.nop
 4e0:	0001                	nop
	c.nop
 4e2:	0001                	nop
	c.bnez s1, bit_process // + 4 cycles
 4e4:	f8e1                	bnez	s1,4b4 <bit_process>
	c.j done_usb_message
 4e6:	a8d1                	j	5ba <done_usb_message>

000004e8 <handle_one_bit>:


.balign 4
handle_one_bit:
	c.addi s0, -1; // Count # of runs of 1 (subtract 1)
 4e8:	147d                	addi	s0,s0,-1
	//HANDLE_CRC (1 bit)
	andi a0, a3, 1
 4ea:	0016f513          	andi	a0,a3,1
	c.addi a0, -1
 4ee:	157d                	addi	a0,a0,-1
	c.and a0, a4
 4f0:	8d79                	and	a0,a0,a4
	c.srli a3, 1
 4f2:	8285                	srli	a3,a3,0x1
	c.xor a3, a0
 4f4:	8ea9                	xor	a3,a3,a0

	c.srli a2, 1;  // shift a2 down by 1
 4f6:	8205                	srli	a2,a2,0x1
	ori a2, a2, 0x80
 4f8:	08066613          	ori	a2,a2,128
	c.beqz s0, handle_bit_stuff;
 4fc:	c811                	beqz	s0,510 <handle_bit_stuff>

	HANDLE_NEXT_BYTE(is_end_of_byte, beqz)
 4fe:	14fd                	addi	s1,s1,-1
 500:	0074f513          	andi	a0,s1,7
 504:	d545                	beqz	a0,4ac <data_crc>
	c.nop // Need extra delay here because we need more time if it's end-of-byte.
 506:	0001                	nop
	c.nop
 508:	0001                	nop
	c.nop
 50a:	0001                	nop
	c.bnez s1, bit_process // + 4 cycles
 50c:	f4c5                	bnez	s1,4b4 <bit_process>
	c.j done_usb_message
 50e:	a075                	j	5ba <done_usb_message>

00000510 <handle_bit_stuff>:

handle_bit_stuff:
	// We want to wait a little bit, then read another byte, and make
	// sure everything is well, before heading back into the main loop
	// Debug blip
	HANDLE_NEXT_BYTE(not_is_end_of_byte_and_bit_stuffed, bnez)
 510:	14fd                	addi	s1,s1,-1
 512:	0074f513          	andi	a0,s1,7
 516:	e509                	bnez	a0,520 <not_is_end_of_byte_and_bit_stuffed>
	HANDLE_EOB_YES
 518:	00c38023          	sb	a2,0(t2)
 51c:	00138393          	.word	0x00138393

00000520 <not_is_end_of_byte_and_bit_stuffed>:

not_is_end_of_byte_and_bit_stuffed:
        DEBUG_TICK_MARK
 520:	00022023          	sw	zero,0(tp) # 0 <InterruptVector>
	c.lw a0, INDR_OFFSET(a5);
 524:	4788                	lw	a0,8(a5)
	c.andi a0, USB_DMASK;
 526:	8931                	andi	a0,a0,12
	c.beqz a0, se0_complete
 528:	c911                	beqz	a0,53c <se0_complete>
	c.xor a0, a1;
 52a:	8d2d                	xor	a0,a0,a1
	c.xor a1, a0; // Recover a1, for next cycle.
 52c:	8da9                	xor	a1,a1,a0

	// If A0 is a 0 then that's bad, we just did a bit stuff
        //   and A0 == 0 means there was no signal transition
	c.beqz a0, done_usb_message
 52e:	c551                	beqz	a0,5ba <done_usb_message>

        // Reset bit stuff, delay, then continue onto the next actual bit
	c.li s0, 6;
 530:	4419                	li	s0,6

        c.nop;
 532:	0001                	nop
	nx6p3delay( 2, a0 )
 534:	450d                	li	a0,3
 536:	157d                	addi	a0,a0,-1
 538:	fd7d                	bnez	a0,536 <not_is_end_of_byte_and_bit_stuffed+0x16>

	c.bnez s1, bit_process // + 4 cycles
 53a:	fcad                	bnez	s1,4b4 <bit_process>

0000053c <se0_complete>:

.balign 4
se0_complete:
	// This is triggered when we finished getting a packet.
	andi a0, s1, 7; // Make sure we received an even number of bytes.
 53c:	0074f513          	andi	a0,s1,7
	c.bnez a0, done_usb_message
 540:	ed2d                	bnez	a0,5ba <done_usb_message>


	// Special: handle ACKs?
	// Now we have to decide what we're doing based on the
	// packet type.
	addi  a1, sp, DATA_PTR_OFFSET
 542:	03f10593          	addi	a1,sp,63
 546:	2188                	.short	0x2188
	XW_C_LBU(a0, a1, 0);	//lbu  a0, 0(a1)
	c.addi a1, 1
 548:	0585                	addi	a1,a1,1
	// 1001 => 10010110 => PID IN
	// 0001 => 10000111 => PID_OUT
	// 1101 => 10110100 => SETUP    (OK)

	// a0 contains first 4 bytes.
	la ra, done_usb_message_in // Common return address for all function calls.
 54a:	00000097          	auipc	ra,0x0
 54e:	07008093          	addi	ra,ra,112 # 5ba <done_usb_message>

	// For ACK don't worry about CRC.
	addi a5, a0, -0b01001011
 552:	fb550793          	addi	a5,a0,-75

	RESTORE_DEBUG_MARKER(48) // restore x4 for whatever in C land.
 556:	5242                	lw	tp,48(sp)

	la a4, rv003usb_internal_data
 558:	20000717          	auipc	a4,0x20000
 55c:	ab470713          	addi	a4,a4,-1356 # 2000000c <rv003usb_internal_data>

	// ACK doesn't need good CRC.
	c.beqz a5, usb_pid_handle_ack
 560:	c7c9                	beqz	a5,5ea <usb_pid_handle_ack>

	// Next, check for tokens.
	c.bnez a3, crc_for_tokens_would_be_bad_maybe_data
 562:	ea85                	bnez	a3,592 <crc_for_tokens_would_be_bad_maybe_data>

00000564 <may_be_a_token>:
 564:	2192                	.short	0x2192
may_be_a_token:
	// Our CRC is 0, so we might be a token.

	// Do token-y things.
	XW_C_LHU( a2, a1, 0 )
	andi a0, a2, 0x7f // addr
 566:	07f67513          	andi	a0,a2,127
	c.srli a2, 7
 56a:	821d                	srli	a2,a2,0x7
	c.andi a2, 0xf    // endp
 56c:	8a3d                	andi	a2,a2,15
	li s0, ENDPOINTS
 56e:	4409                	li	s0,2
	bgeu a2, s0, done_usb_message // Make sure < ENDPOINTS
 570:	04867563          	bgeu	a2,s0,5ba <done_usb_message>
	c.beqz a0,  yes_check_tokens
 574:	c501                	beqz	a0,57c <yes_check_tokens>
 576:	2340                	.short	0x2340
	// Otherwise, we might have our assigned address.
	XW_C_LBU(s0, a4, MY_ADDRESS_OFFSET_BYTES);	//	lbu s0, MY_ADDRESS_OFFSET_BYTES(a4)
	bne s0, a0, done_usb_message // addr != 0 && addr != ours.
 578:	04a41163          	bne	s0,a0,5ba <done_usb_message>

0000057c <yes_check_tokens>:
yes_check_tokens:
	addi a5, a5, (0b01001011-0b10000111)
 57c:	fc478793          	addi	a5,a5,-60
	c.beqz a5, usb_pid_handle_out
 580:	cfc1                	beqz	a5,618 <usb_pid_handle_out>
	c.addi a5, (0b10000111-0b10010110)
 582:	17c5                	addi	a5,a5,-15
	c.beqz a5, usb_pid_handle_in
 584:	00079463          	bnez	a5,58c <yes_check_tokens+0x10>
 588:	ce3ff06f          	j	26a <usb_pid_handle_in>
	c.addi a5, (0b10010110-0b10110100)
 58c:	1789                	addi	a5,a5,-30
	c.beqz a5, usb_pid_handle_setup
 58e:	cbb5                	beqz	a5,602 <usb_pid_handle_setup>

	c.j done_usb_message_in
 590:	a02d                	j	5ba <done_usb_message>

00000592 <crc_for_tokens_would_be_bad_maybe_data>:

	// CRC is nonzero. (Good for Data packets)
crc_for_tokens_would_be_bad_maybe_data:
	li s0, 0xb001  // UGH: You can't use the CRC16 in reverse :(
 592:	642d                	lui	s0,0xb
 594:	0405                	addi	s0,s0,1 # b001 <rv003usb.c.65132db1+0x8d1a>
	c.sub a3, s0
 596:	8e81                	sub	a3,a3,s0
	c.bnez a3, done_usb_message_in
 598:	e28d                	bnez	a3,5ba <done_usb_message>
	// Good CRC!!
	sub a3, t2, a1 //a3 = # of bytes read..
 59a:	40b386b3          	sub	a3,t2,a1
	c.addi a3, 1
 59e:	0685                	addi	a3,a3,1
	addi a5, a5, (0b01001011-0b11000011)
 5a0:	f8878793          	addi	a5,a5,-120
	c.li a2, 0
 5a4:	4601                	li	a2,0
	c.beqz a5, usb_pid_handle_data
 5a6:	00079463          	bnez	a5,5ae <crc_for_tokens_would_be_bad_maybe_data+0x1c>
 5aa:	d81ff06f          	j	32a <usb_pid_handle_data>
	c.addi a5, (0b11000011-0b11010010)
 5ae:	17c5                	addi	a5,a5,-15
	c.li a2, 1
 5b0:	4605                	li	a2,1
	c.beqz a5, usb_pid_handle_data
 5b2:	00079463          	bnez	a5,5ba <done_usb_message>
 5b6:	d75ff06f          	j	32a <usb_pid_handle_data>

000005ba <done_usb_message>:

done_usb_message:
done_usb_message_in:
	lw	s0, 24(sp)
 5ba:	4462                	lw	s0,24(sp)
	lw	s1, 28(sp)
 5bc:	44f2                	lw	s1,28(sp)
	lw	t0, 32(sp)
 5be:	5282                	lw	t0,32(sp)
	lw	t1, 36(sp)
 5c0:	5312                	lw	t1,36(sp)
	lw	t2, 40(sp)
 5c2:	53a2                	lw	t2,40(sp)
	lw  ra, 52(sp)
 5c4:	50d2                	lw	ra,52(sp)

000005c6 <ret_from_se0>:

ret_from_se0:
	lw	s1, 28(sp)
 5c6:	44f2                	lw	s1,28(sp)
	RESTORE_DEBUG_MARKER(48)
 5c8:	5242                	lw	tp,48(sp)
	lw	a2, 8(sp)
 5ca:	4622                	lw	a2,8(sp)
	lw	a3, 12(sp)
 5cc:	46b2                	lw	a3,12(sp)
	lw	a4, 16(sp)
 5ce:	4742                	lw	a4,16(sp)
	lw	a1, 4(sp)
 5d0:	4592                	lw	a1,4(sp)

000005d2 <interrupt_complete>:

interrupt_complete:
	// Acknowledge interrupt.
	// EXTI->INTFR = 1<<4
	c.j 1f; 1: // Extra little bit of delay to make sure we don't accidentally false fire.
 5d2:	a009                	j	5d4 <interrupt_complete+0x2>

	la a5, EXTI_BASE + 20
 5d4:	400107b7          	lui	a5,0x40010
 5d8:	41478793          	addi	a5,a5,1044 # 40010414 <__global_pointer$+0x2000fc14>
	li a0, (1<<USB_PIN_DM)
 5dc:	4521                	li	a0,8
	sw a0, 0(a5)
 5de:	c388                	sw	a0,0(a5)

	// Restore stack.
	lw	a0, 0(sp)
 5e0:	4502                	lw	a0,0(sp)
	lw	a5, 20(sp)
 5e2:	47d2                	lw	a5,20(sp)
	addi	sp,sp,80
 5e4:	6161                	addi	sp,sp,80
	mret
 5e6:	30200073          	mret

000005ea <usb_pid_handle_ack>:
	return;
}
*/

usb_pid_handle_ack:
	c.lw a2, 0(a4) //ist->current_endpoint -> endp;
 5ea:	4310                	lw	a2,0(a4)
	c.slli a2, 5
 5ec:	0616                	slli	a2,a2,0x5
	c.add a2, a4
 5ee:	963a                	add	a2,a2,a4
	c.addi a2, ENDP_OFFSET // usb_endpoint eps[ENDPOINTS];
 5f0:	0671                	addi	a2,a2,28 # 10001c <rv003usb.c.65132db1+0xfdd35>

	c.lw a0, (EP_TOGGLE_IN_OFFSET)(a2) // toggle_in=!toggle_in
 5f2:	4248                	lw	a0,4(a2)
	c.li a1, 1
 5f4:	4585                	li	a1,1
	c.xor a0, a1
 5f6:	8d2d                	xor	a0,a0,a1
	c.sw a0, (EP_TOGGLE_IN_OFFSET)(a2)
 5f8:	c248                	sw	a0,4(a2)

	c.lw a0, (EP_COUNT_OFFSET)(a2) // count_in
 5fa:	4208                	lw	a0,0(a2)
	c.addi a0, 1
 5fc:	0505                	addi	a0,a0,1
	c.sw a0, (EP_COUNT_OFFSET)(a2)
 5fe:	c208                	sw	a0,0(a2)

	c.j done_usb_message_in
 600:	bf6d                	j	5ba <done_usb_message>

00000602 <usb_pid_handle_setup>:
	e->count = 0;
	e->toggle_in = 1;
	ist->setup_request = 1;
}*/
usb_pid_handle_setup:
	c.sw a2, 0(a4) // ist->current_endpoint = endp
 602:	c310                	sw	a2,0(a4)
	c.li a1, 1
 604:	4585                	li	a1,1
	c.sw a1, SETUP_REQUEST_OFFSET(a4) //ist->setup_request = 1;
 606:	c70c                	sw	a1,8(a4)
	c.slli a2, 3+2
 608:	0616                	slli	a2,a2,0x5
	c.add a2, a4
 60a:	963a                	add	a2,a2,a4
	c.sw a1, (ENDP_OFFSET+EP_TOGGLE_IN_OFFSET)(a2) //e->toggle_in = 1;
 60c:	d20c                	sw	a1,32(a2)
	c.li a1, 0
 60e:	4581                	li	a1,0
	c.sw a1, (ENDP_OFFSET+EP_COUNT_OFFSET)(a2)  //e->count = 0;
 610:	ce4c                	sw	a1,28(a2)
	c.sw a1, (ENDP_OFFSET+EP_OPAQUE_OFFSET)(a2)  //e->opaque = 0;
 612:	de0c                	sw	a1,56(a2)
	c.sw a1, (ENDP_OFFSET+EP_TOGGLE_OUT_OFFSET)(a2) //e->toggle_out = 0;
 614:	d24c                	sw	a1,36(a2)
	c.j done_usb_message_in	
 616:	b755                	j	5ba <done_usb_message>

00000618 <usb_pid_handle_out>:
 618:	a310                	.short	0xa310
//This will correctly swap back the endpoint.
usb_pid_handle_out:
	//void usb_pid_handle_out( uint32_t addr, uint8_t * data, uint32_t endp, uint32_t unused, struct rv003usb_internal * ist )	
	//sb a2, 0(a4) //ist->current_endpoint = endp;
	XW_C_SB( a2, a4, 0 ); // current_endpoint = endp
	c.j done_usb_message_in
 61a:	b745                	j	5ba <done_usb_message>

0000061c <handle_se0_keepalive>:

handle_se0_keepalive:
	// In here, we want to do smart stuff with the
	// 1ms tick.

	la  a0, SYSTICK_CNT
 61c:	e000f537          	lui	a0,0xe000f
 620:	0521                	addi	a0,a0,8 # e000f008 <__global_pointer$+0xc000e808>
	la a4, rv003usb_internal_data
 622:	20000717          	auipc	a4,0x20000
 626:	9ea70713          	addi	a4,a4,-1558 # 2000000c <rv003usb_internal_data>
	c.lw a1, LAST_SE0_OFFSET(a4) //last cycle count   last_se0_cyccount
 62a:	4b0c                	lw	a1,16(a4)
	c.lw a2, 0(a0) //this cycle count
 62c:	4110                	lw	a2,0(a0)
	c.sw a2, LAST_SE0_OFFSET(a4) //store it back to last_se0_cyccount
 62e:	cb10                	sw	a2,16(a4)
	c.sub a2, a1
 630:	8e0d                	sub	a2,a2,a1
	c.sw a2, DELTA_SE0_OFFSET(a4) //record delta_se0_cyccount
 632:	cb50                	sw	a2,20(a4)

	li a1, 48000
 634:	65b1                	lui	a1,0xc
 636:	b8058593          	addi	a1,a1,-1152 # bb80 <rv003usb.c.65132db1+0x9899>
	c.sub a2, a1
 63a:	8e0d                	sub	a2,a2,a1
	// This is our deviance from 48MHz.

	// Make sure we aren't in left field.
	li a5, 4000
 63c:	6785                	lui	a5,0x1
 63e:	fa078793          	addi	a5,a5,-96 # fa0 <_data_lma+0x6dc>
	bge a2, a5, ret_from_se0
 642:	f8f652e3          	bge	a2,a5,5c6 <ret_from_se0>
	li a5, -4000
 646:	77fd                	lui	a5,0xfffff
 648:	06078793          	addi	a5,a5,96 # fffff060 <__global_pointer$+0xdfffe860>
	blt a2, a5, ret_from_se0
 64c:	f6f64de3          	blt	a2,a5,5c6 <ret_from_se0>

	c.lw a1, SE0_WINDUP_OFFSET(a4) // load windup se0_windup
 650:	4f0c                	lw	a1,24(a4)
	c.add a1, a2
 652:	95b2                	add	a1,a1,a2
	c.sw a1, SE0_WINDUP_OFFSET(a4) // save windup
 654:	cf0c                	sw	a1,24(a4)

	// No further adjustments
	beqz a1, ret_from_se0
 656:	d9a5                	beqz	a1,5c6 <ret_from_se0>

	// 0x40021000 = RCC.CTLR
	la a4, 0x40021000
 658:	40021737          	lui	a4,0x40021
	lw a0, 0(a4)
 65c:	4308                	lw	a0,0(a4)
	srli a2, a0, 3 // Extract HSI Trim.
 65e:	00355613          	srli	a2,a0,0x3
	andi a2, a2, 0b11111
 662:	8a7d                	andi	a2,a2,31
	li a5, 0xffffff07  
 664:	f0700793          	li	a5,-249
	and a0, a0, a5	// Mask off non-HSI
 668:	8d7d                	and	a0,a0,a5

	// Decimate windup - use as HSIrim.
	neg a1, a1
 66a:	40b005b3          	neg	a1,a1
	srai a2, a1, 9
 66e:	4095d613          	srai	a2,a1,0x9
	addi a2, a2, 16  // add hsi offset.
 672:	0641                	addi	a2,a2,16

	// Put trim in place in register.
	slli a2, a2, 3
 674:	060e                	slli	a2,a2,0x3
	or a0, a0, a2
 676:	8d51                	or	a0,a0,a2
	sw a0, 0(a4)
 678:	c308                	sw	a0,0(a4)

	j ret_from_se0
 67a:	b7b1                	j	5c6 <ret_from_se0>

0000067c <usb_send_empty>:


.balign 4
//void usb_send_empty( uint32_t token );
usb_send_empty:
	c.mv a3, a0
 67c:	86aa                	mv	a3,a0
	la a0, always0
 67e:	00000517          	auipc	a0,0x0
 682:	13a50513          	addi	a0,a0,314 # 7b8 <always0>
	li a1, 2
 686:	4589                	li	a1,2
	c.mv a2, a1
 688:	862e                	mv	a2,a1

0000068a <usb_send_data>:
//void usb_send_data( uint8_t * data, uint32_t length, uint32_t poly_function, uint32_t token );
usb_send_data:
	addi	sp,sp,-16
 68a:	1141                	addi	sp,sp,-16
	sw	s0, 0(sp)
 68c:	c022                	sw	s0,0(sp)
	sw	s1, 4(sp)
 68e:	c226                	sw	s1,4(sp)

	la a5, USB_GPIO_BASE
 690:	400117b7          	lui	a5,0x40011
 694:	40078793          	addi	a5,a5,1024 # 40011400 <__global_pointer$+0x20010c00>

	// ASAP: Turn the bus around and send our preamble + token.
	c.lw a4, CFGLR_OFFSET(a5)
 698:	4398                	lw	a4,0(a5)

	li s1, ~((0b1111<<(USB_PIN_DP*4)) | (0b1111<<(USB_PIN_DM*4)))
 69a:	74c1                	lui	s1,0xffff0
 69c:	0ff48493          	addi	s1,s1,255 # ffff00ff <__global_pointer$+0xdffef8ff>
	and a4, s1, a4
 6a0:	8f65                	and	a4,a4,s1

	// Convert D+/D- into 2MHz outputs
	li s1, ((0b0010<<(USB_PIN_DP*4)) | (0b0010<<(USB_PIN_DM*4)))
 6a2:	6489                	lui	s1,0x2
 6a4:	20048493          	addi	s1,s1,512 # 2200 <demo_consumer.c.4a6cae43+0x376>
	or a4, s1, a4
 6a8:	8f45                	or	a4,a4,s1

	li s1, (1<<USB_PIN_DP) | (1<<(USB_PIN_DM+16))
 6aa:	000804b7          	lui	s1,0x80
 6ae:	0491                	addi	s1,s1,4 # 80004 <rv003usb.c.65132db1+0x7dd1d>
	c.sw s1, BSHR_OFFSET(a5)
 6b0:	cb84                	sw	s1,16(a5)

	//00: Universal push-pull output mode
	c.sw a4, CFGLR_OFFSET(a5)
 6b2:	c398                	sw	a4,0(a5)

	li t1, (1<<USB_PIN_DP) | (1<<(USB_PIN_DM+16)) | (1<<USB_PIN_DM) | (1<<(USB_PIN_DP+16));
 6b4:	000c0337          	lui	t1,0xc0
 6b8:	0331                	addi	t1,t1,12 # c000c <rv003usb.c.65132db1+0xbdd25>

	SAVE_DEBUG_MARKER( 8 )
 6ba:	c412                	sw	tp,8(sp)

	// Save off our preamble and token.
	c.slli a3, 7     //Put token further up so it gets sent later.
 6bc:	069e                	slli	a3,a3,0x7
	ori s0, a3, 0x40  
 6be:	0406e413          	ori	s0,a3,64

	li t0, 0x0000
 6c2:	4281                	li	t0,0
	c.bnez a2, done_poly_check
 6c4:	e609                	bnez	a2,6ce <done_poly_check>
	li t0, 0xa001
 6c6:	62a9                	lui	t0,0xa
 6c8:	0285                	addi	t0,t0,1 # a001 <rv003usb.c.65132db1+0x7d1a>
	li a2, 0xffff
 6ca:	6641                	lui	a2,0x10
 6cc:	167d                	addi	a2,a2,-1 # ffff <rv003usb.c.65132db1+0xdd18>

000006ce <done_poly_check>:
done_poly_check:

	c.slli a1, 3 // bump up one extra to be # of bits
 6ce:	058e                	slli	a1,a1,0x3
	mv t2, a1
 6d0:	83ae                	mv	t2,a1

	// t0 is our polynomial
	// a2 is our running CRC.
	// a3 is our token.
	DEBUG_TICK_SETUP
 6d2:	40013237          	lui	tp,0x40013
 6d6:	c5820213          	addi	tp,tp,-936 # 40012c58 <__global_pointer$+0x20012458>

	c.li a4, 6 // reset bit stuffing.
 6da:	4719                	li	a4,6
	c.li a1, 15 // 15 bits.
 6dc:	45bd                	li	a1,15

	//c.nop; c.nop; c.nop;
	c.j pre_and_tok_send_inner_loop
 6de:	a009                	j	6e0 <pre_and_tok_send_inner_loop>

000006e0 <pre_and_tok_send_inner_loop>:
		* We have to decrement our bit stuffing index.
		* If it is 0, we can reset our bit stuffing index.
	*/

	// a3 is now the lsb of s0 (the 'next bit' to read out)
	c.mv a3, s0
 6e0:	86a2                	mv	a3,s0
	c.srli s0, 1 // Shift down into the next bit.
 6e2:	8005                	srli	s0,s0,0x1
	c.andi a3, 1
 6e4:	8a85                	andi	a3,a3,1
	// If a3 is 0, we should FLIP
	// if a3 is 1, we should NOT flip.

	c.addi a4, -1
 6e6:	177d                	addi	a4,a4,-1 # 40020fff <__global_pointer$+0x200207ff>
	c.bnez a3, pre_and_tok_send_one_bit
 6e8:	e681                	bnez	a3,6f0 <pre_and_tok_send_one_bit>
//Send 0 bit. (Flip)
	// Flip s1 (our bshr setting) by xoring it.
	// 10.....01
	// 11.....11 (xor with)
	// 01.....10
	xor s1, s1, t1
 6ea:	0064c4b3          	xor	s1,s1,t1
	c.li a4, 6 // reset bit stuffing.
 6ee:	4719                	li	a4,6

000006f0 <pre_and_tok_send_one_bit>:
	// DO NOT flip.  Allow a4 to increment.
// Deliberately unaligned for timing purposes.
.balign 4
pre_and_tok_send_one_bit:
	sw s1, BSHR_OFFSET(a5)
 6f0:	cb84                	sw	s1,16(a5)
	//Bit stuffing doesn't happen.
	c.addi a1, -1
 6f2:	15fd                	addi	a1,a1,-1
	c.beqz a1, pre_and_tok_done_sending_data
 6f4:	c591                	beqz	a1,700 <pre_and_tok_done_sending_data>
	nx6p3delay( 2, a3 );	c.nop;             // Free time!
 6f6:	468d                	li	a3,3
 6f8:	16fd                	addi	a3,a3,-1
 6fa:	fefd                	bnez	a3,6f8 <pre_and_tok_send_one_bit+0x8>
 6fc:	0001                	nop
	c.j pre_and_tok_send_inner_loop
 6fe:	b7cd                	j	6e0 <pre_and_tok_send_inner_loop>

00000700 <pre_and_tok_done_sending_data>:
////////////////////////////////////////////////////////////////////////////

	// We have very little time here.  Just enough to do this.

	//Restore size.
	mv a1, t2//lw  a1, 12(sp)
 700:	859e                	mv	a1,t2
	c.beqz a1, no_really_done_sending_data  //No actual payload?  Bail!
 702:	c5ad                	beqz	a1,76c <no_really_done_sending_data>
	c.addi a1, -1
 704:	15fd                	addi	a1,a1,-1
//	beqz t2, no_really_done_sending_data 

	bnez t0, done_poly_check2
 706:	00029463          	bnez	t0,70e <done_poly_check2>
	li a2, 0xffff
 70a:	6641                	lui	a2,0x10
 70c:	167d                	addi	a2,a2,-1 # ffff <rv003usb.c.65132db1+0xdd18>

0000070e <done_poly_check2>:
 70e:	0001                	nop

00000710 <load_next_byte>:
 710:	2100                	.short	0x2100
	// CH32v003 has the XW extension.
	// this replaces: lb s0, 0(a0)
	XW_C_LBU(s0, a0, 0);
	//lb s0, 0(a0)
	//	.long 0x00150513 // addi a0, a0, 1  (For alignment's sake)
	c.addi a0, 1
 712:	0505                	addi	a0,a0,1

00000714 <send_inner_loop>:
		* We have to decrement our bit stuffing index.
		* If it is 0, we can reset our bit stuffing index.
	*/

	// a3 is now the lsb of s0 (the 'next bit' to read out)
	c.mv a3, s0
 714:	86a2                	mv	a3,s0
	c.andi a3, 1
 716:	8a85                	andi	a3,a3,1
	// If a3 is 0, we should FLIP
	// if a3 is 1, we should NOT flip.
	c.beqz a3, send_zero_bit
 718:	ce81                	beqz	a3,730 <send_zero_bit>
	c.srli s0, 1 // Shift down into the next bit.
 71a:	8005                	srli	s0,s0,0x1
//send_one_bit:
	//HANDLE_CRC (1 bit)
	andi a3, a2, 1
 71c:	00167693          	andi	a3,a2,1
	c.addi a3, -1
 720:	16fd                	addi	a3,a3,-1
	and a3, a3, t0
 722:	0056f6b3          	and	a3,a3,t0
	c.srli a2, 1
 726:	8205                	srli	a2,a2,0x1
	c.xor a2, a3
 728:	8e35                	xor	a2,a2,a3

	c.addi a4, -1
 72a:	177d                	addi	a4,a4,-1
	c.beqz a4, insert_stuffed_bit
 72c:	cf25                	beqz	a4,7a4 <insert_stuffed_bit>
	c.j cont_after_jump
 72e:	a829                	j	748 <cont_after_jump>

00000730 <send_zero_bit>:
//Send 0 bit. (Flip)
.balign 4
send_zero_bit:
	c.srli s0, 1 // Shift down into the next bit.
 730:	8005                	srli	s0,s0,0x1
	// a3 is temp
	// t0 is polynomial.

	// XXX WARNING: this was by https://github.com/cnlohr/rv003usb/issues/7 
	// TODO Check me!
	slli a3,a2,31 // Put a3s LSB into a0s MSB
 732:	01f61693          	slli	a3,a2,0x1f
	c.srai a3,31    // Copy MSB into all other bits
 736:	86fd                	srai	a3,a3,0x1f

	// Flip s1 (our bshr setting) by xoring it.
	// 10.....01
	// 11.....11 (xor with)
	// 01.....10
	xor s1, s1, t1
 738:	0064c4b3          	xor	s1,s1,t1
	sw s1, BSHR_OFFSET(a5)
 73c:	cb84                	sw	s1,16(a5)

	c.li a4, 6 // reset bit stuffing.
 73e:	4719                	li	a4,6

	// XXX XXX CRC down here to make bit stuffing timings line up.
	c.srli a2,1
 740:	8205                	srli	a2,a2,0x1
	and a3,a3,t0
 742:	0056f6b3          	and	a3,a3,t0
	c.xor  a2,a3 
 746:	8e35                	xor	a2,a2,a3

00000748 <cont_after_jump>:

.balign 4
cont_after_jump:
send_end_bit_complete:
	c.beqz a1, done_sending_data
 748:	c981                	beqz	a1,758 <done_sending_data>
	andi a3, a1, 7
 74a:	0075f693          	andi	a3,a1,7
	c.addi a1, -1
 74e:	15fd                	addi	a1,a1,-1
	c.beqz a3, load_next_byte
 750:	d2e1                	beqz	a3,710 <load_next_byte>
	// Wait an extra few cycles.
	c.j 1f; 1:
 752:	a009                	j	754 <cont_after_jump+0xc>
	c.j send_inner_loop
 754:	b7c1                	j	714 <send_inner_loop>
 756:	0001                	nop

00000758 <done_sending_data>:

.balign 4
done_sending_data:
	// BUT WAIT!! MAYBE WE NEED TO CRC!
	beqz t0, no_really_done_sending_data
 758:	00028a63          	beqz	t0,76c <no_really_done_sending_data>
	srli t0, t0, 8 // reset poly - we don't want it anymore.
 75c:	0082d293          	srli	t0,t0,0x8
	li a1, 7 // Load 8 more bits out
 760:	459d                	li	a1,7
	beqz t0, send_inner_loop  //Second CRC byte
 762:	fa0289e3          	beqz	t0,714 <send_inner_loop>
	// First CRC byte
	not s0, a2 // get read to send out the CRC.
 766:	fff64413          	not	s0,a2
	c.j send_inner_loop
 76a:	b76d                	j	714 <send_inner_loop>

0000076c <no_really_done_sending_data>:
.balign 4
no_really_done_sending_data:

//	c.bnez a2, poly_function  TODO: Uncomment me!

	nx6p3delay( 2, a3 );
 76c:	468d                	li	a3,3
 76e:	16fd                	addi	a3,a3,-1
 770:	fefd                	bnez	a3,76e <no_really_done_sending_data+0x2>

	// Need to perform an SE0.
	li s1, (1<<(USB_PIN_DM+16)) | (1<<(USB_PIN_DP+16))
 772:	000c04b7          	lui	s1,0xc0
	c.sw s1, BSHR_OFFSET(a5)
 776:	cb84                	sw	s1,16(a5)

	nx6p3delay( 7, a3 );
 778:	46a1                	li	a3,8
 77a:	16fd                	addi	a3,a3,-1
 77c:	fefd                	bnez	a3,77a <no_really_done_sending_data+0xe>

	li s1, (1<<(USB_PIN_DM)) | (1<<(USB_PIN_DP+16))
 77e:	000404b7          	lui	s1,0x40
 782:	04a1                	addi	s1,s1,8 # 40008 <rv003usb.c.65132db1+0x3dd21>
	c.sw s1, BSHR_OFFSET(a5)
 784:	cb84                	sw	s1,16(a5)

	lw s1, CFGLR_OFFSET(a5)
 786:	4384                	lw	s1,0(a5)
	// Convert D+/D- into inputs.
	li a3, ~((0b11<<(USB_PIN_DP*4)) | (0b11<<(USB_PIN_DM*4)))
 788:	76f5                	lui	a3,0xffffd
 78a:	cff68693          	addi	a3,a3,-769 # ffffccff <__global_pointer$+0xdfffc4ff>
	and s1, a3, s1
 78e:	8cf5                	and	s1,s1,a3
	// 01: Floating input mode.
	li a3, ((0b01<<(USB_PIN_DP*4+2)) | (0b01<<(USB_PIN_DM*4+2)))
 790:	6691                	lui	a3,0x4
 792:	40068693          	addi	a3,a3,1024 # 4400 <rv003usb.c.65132db1+0x2119>
	or s1, a3, s1
 796:	8cd5                	or	s1,s1,a3
	sw s1, CFGLR_OFFSET(a5)
 798:	c384                	sw	s1,0(a5)

	lw	s0, 0(sp)
 79a:	4402                	lw	s0,0(sp)
	lw	s1, 4(sp)
 79c:	4492                	lw	s1,4(sp)
	RESTORE_DEBUG_MARKER( 8 )
 79e:	4222                	lw	tp,8(sp)
	addi	sp,sp,16
 7a0:	0141                	addi	sp,sp,16
	ret
 7a2:	8082                	ret

000007a4 <insert_stuffed_bit>:

.balign 4
// TODO: This seems to be either 222 or 226 (not 224) in cases.
// It's off by 2 clock cycles.  Probably OK, but, hmm.
insert_stuffed_bit:
	nx6p3delay(3, a3)
 7a4:	4691                	li	a3,4
 7a6:	16fd                	addi	a3,a3,-1
 7a8:	fefd                	bnez	a3,7a6 <insert_stuffed_bit+0x2>
	xor s1, s1, t1
 7aa:	0064c4b3          	xor	s1,s1,t1
	c.li a4, 6 // reset bit stuffing.
 7ae:	4719                	li	a4,6
	c.nop
 7b0:	0001                	nop
	c.nop
 7b2:	0001                	nop
	sw s1, BSHR_OFFSET(a5)
 7b4:	cb84                	sw	s1,16(a5)
	c.j send_end_bit_complete
 7b6:	bf49                	j	748 <cont_after_jump>

000007b8 <always0>:
 7b8:	00000000          	.word	0x00000000

000007bc <string3>:
 7bc:	00300308 00300030 00000000              ..0.0.0.....

000007c8 <string2>:
 7c8:	0052032c 00300056 00330030 00530055     ,.R.V.0.0.3.U.S.
 7d8:	00200042 00650044 006f006d 00470020     B. .D.e.m.o. .G.
 7e8:	006d0061 00700065 00640061 00000000     a.m.e.p.a.d.....

000007f8 <string1>:
 7f8:	0043030e 004c004e 0068006f 00000072     ..C.N.L.o.h.r...

00000808 <string0>:
 808:	04090304                                ....

0000080c <consumer_control_hid_desc>:
 80c:	01090c05 001501a1 cd090125 b609e209     ........%.......
 81c:	0495b509 02810175 04750195 00c00181     ....u.....u.....

0000082c <config_descriptor>:
 82c:	00220209 80000101 00040964 00030100     ..".....d.......
 83c:	21090000 01000111 07001f22 03038105     ...!....".......
 84c:	00000100                                ....

00000850 <device_descriptor>:
 850:	01100112 08000003 c0031209 02010002     ................
 860:	00000103                                ....

00000864 <descriptor_list>:
 864:	00000100 00000850 00000012 00000200     ....P...........
 874:	0000082c 00000022 00002200 0000080c     ,..."...."......
 884:	0000001f 00002100 0000083e 00000009     .....!..>.......
 894:	00000300 00000808 00000004 04090301     ................
 8a4:	000007f8 0000000e 04090302 000007c8     ................
 8b4:	0000002c 04090303 000007bc 00000008     ,...............
